2020-12-25 20:11:08.370 [restartedMain] INFO  com.easydicm.storescp.StorescpApplication - Starting StorescpApplication using Java 11.0.9 on dhzub with PID 29952 (/home/dhz/work/easydicm-parent/storescp/target/classes started by dhz in /home/dhz/work/easydicm-parent)
2020-12-25 20:11:08.375 [restartedMain] INFO  com.easydicm.storescp.StorescpApplication - The following profiles are active: dev
2020-12-25 20:11:08.433 [restartedMain] INFO  o.s.b.d.env.DevToolsPropertyDefaultsPostProcessor - Devtools property defaults active! Set 'spring.devtools.add-properties' to 'false' to disable
2020-12-25 20:11:08.434 [restartedMain] INFO  o.s.b.d.env.DevToolsPropertyDefaultsPostProcessor - For additional web related logging consider setting the 'logging.level.web' property to 'DEBUG'
2020-12-25 20:11:09.810 [restartedMain] INFO  o.s.boot.web.embedded.tomcat.TomcatWebServer - Tomcat initialized with port(s): 8080 (http)
2020-12-25 20:11:09.815 [restartedMain] INFO  org.apache.coyote.http11.Http11NioProtocol - Initializing ProtocolHandler ["http-nio-8080"]
2020-12-25 20:11:09.816 [restartedMain] INFO  org.apache.catalina.core.StandardService - Starting service [Tomcat]
2020-12-25 20:11:09.816 [restartedMain] INFO  org.apache.catalina.core.StandardEngine - Starting Servlet engine: [Apache Tomcat/9.0.39]
2020-12-25 20:11:09.878 [restartedMain] INFO  o.a.c.core.ContainerBase.[Tomcat].[localhost].[/] - Initializing Spring embedded WebApplicationContext
2020-12-25 20:11:09.879 [restartedMain] INFO  o.s.b.w.s.c.ServletWebServerApplicationContext - Root WebApplicationContext: initialization completed in 1445 ms
2020-12-25 20:11:09.971 [restartedMain] INFO  com.easydicm.storescp.DicmSCP - DicmSCP    start ....
2020-12-25 20:11:09.975 [restartedMain] INFO  com.easydicm.storescp.DicmSCP - org.springframework.boot.DefaultApplicationArguments@132dfa07
2020-12-25 20:11:09.978 [restartedMain] INFO  com.easydicm.storescp.DicmSCP - DicmSCP Setting is  {DicmQRSCP,192.168.1.92,11112}
2020-12-25 20:11:09.987 [restartedMain] INFO  com.easydicm.storescp.DicmSCP - DicmSCP    start success !
2020-12-25 20:11:09.987 [pool-2-thread-1] INFO  org.dcm4che3.net.Connection - Start TCP Listener on /192.168.1.92:11112
2020-12-25 20:11:10.172 [restartedMain] INFO  o.s.scheduling.concurrent.ThreadPoolTaskExecutor - Initializing ExecutorService 'applicationTaskExecutor'
2020-12-25 20:11:10.324 [restartedMain] INFO  o.s.b.d.autoconfigure.OptionalLiveReloadServer - LiveReload server is running on port 35729
2020-12-25 20:11:10.333 [restartedMain] INFO  org.apache.coyote.http11.Http11NioProtocol - Starting ProtocolHandler ["http-nio-8080"]
2020-12-25 20:11:10.365 [restartedMain] INFO  o.s.boot.web.embedded.tomcat.TomcatWebServer - Tomcat started on port(s): 8080 (http) with context path ''
2020-12-25 20:11:10.379 [restartedMain] INFO  com.easydicm.storescp.StorescpApplication - Started StorescpApplication in 2.547 seconds (JVM running for 3.106)
2020-12-25 20:15:42.604 [SpringContextShutdownHook] INFO  o.s.scheduling.concurrent.ThreadPoolTaskExecutor - Shutting down ExecutorService 'applicationTaskExecutor'
2020-12-25 20:15:42.605 [SpringContextShutdownHook] INFO  com.easydicm.storescp.DicmSCP - DicmSCP    remove connections ....
2020-12-25 20:15:49.663 [restartedMain] INFO  com.easydicm.storescp.StorescpApplication - Starting StorescpApplication using Java 11.0.9 on dhzub with PID 30237 (/home/dhz/work/easydicm-parent/storescp/target/classes started by dhz in /home/dhz/work/easydicm-parent)
2020-12-25 20:15:49.666 [restartedMain] INFO  com.easydicm.storescp.StorescpApplication - The following profiles are active: dev
2020-12-25 20:15:49.711 [restartedMain] INFO  o.s.b.d.env.DevToolsPropertyDefaultsPostProcessor - Devtools property defaults active! Set 'spring.devtools.add-properties' to 'false' to disable
2020-12-25 20:15:49.712 [restartedMain] INFO  o.s.b.d.env.DevToolsPropertyDefaultsPostProcessor - For additional web related logging consider setting the 'logging.level.web' property to 'DEBUG'
2020-12-25 20:15:50.529 [restartedMain] INFO  o.s.boot.web.embedded.tomcat.TomcatWebServer - Tomcat initialized with port(s): 8080 (http)
2020-12-25 20:15:50.534 [restartedMain] INFO  org.apache.coyote.http11.Http11NioProtocol - Initializing ProtocolHandler ["http-nio-8080"]
2020-12-25 20:15:50.534 [restartedMain] INFO  org.apache.catalina.core.StandardService - Starting service [Tomcat]
2020-12-25 20:15:50.534 [restartedMain] INFO  org.apache.catalina.core.StandardEngine - Starting Servlet engine: [Apache Tomcat/9.0.39]
2020-12-25 20:15:50.582 [restartedMain] INFO  o.a.c.core.ContainerBase.[Tomcat].[localhost].[/] - Initializing Spring embedded WebApplicationContext
2020-12-25 20:15:50.582 [restartedMain] INFO  o.s.b.w.s.c.ServletWebServerApplicationContext - Root WebApplicationContext: initialization completed in 869 ms
2020-12-25 20:15:50.614 [restartedMain] INFO  org.apache.catalina.core.StandardService - Stopping service [Tomcat]
2020-12-25 20:15:50.625 [restartedMain] INFO  o.s.b.a.l.ConditionEvaluationReportLoggingListener - 

Error starting ApplicationContext. To display the conditions report re-run your application with 'debug' enabled.
2020-12-25 20:18:13.833 [restartedMain] INFO  com.easydicm.storescp.StorescpApplication - Starting StorescpApplication using Java 11.0.9 on dhzub with PID 30386 (/home/dhz/work/easydicm-parent/storescp/target/classes started by dhz in /home/dhz/work/easydicm-parent)
2020-12-25 20:18:13.835 [restartedMain] INFO  com.easydicm.storescp.StorescpApplication - The following profiles are active: dev
2020-12-25 20:18:13.876 [restartedMain] INFO  o.s.b.d.env.DevToolsPropertyDefaultsPostProcessor - Devtools property defaults active! Set 'spring.devtools.add-properties' to 'false' to disable
2020-12-25 20:18:13.877 [restartedMain] INFO  o.s.b.d.env.DevToolsPropertyDefaultsPostProcessor - For additional web related logging consider setting the 'logging.level.web' property to 'DEBUG'
2020-12-25 20:18:14.638 [restartedMain] INFO  o.s.boot.web.embedded.tomcat.TomcatWebServer - Tomcat initialized with port(s): 8080 (http)
2020-12-25 20:18:14.643 [restartedMain] INFO  org.apache.coyote.http11.Http11NioProtocol - Initializing ProtocolHandler ["http-nio-8080"]
2020-12-25 20:18:14.644 [restartedMain] INFO  org.apache.catalina.core.StandardService - Starting service [Tomcat]
2020-12-25 20:18:14.644 [restartedMain] INFO  org.apache.catalina.core.StandardEngine - Starting Servlet engine: [Apache Tomcat/9.0.39]
2020-12-25 20:18:14.694 [restartedMain] INFO  o.a.c.core.ContainerBase.[Tomcat].[localhost].[/] - Initializing Spring embedded WebApplicationContext
2020-12-25 20:18:14.694 [restartedMain] INFO  o.s.b.w.s.c.ServletWebServerApplicationContext - Root WebApplicationContext: initialization completed in 817 ms
2020-12-25 20:18:14.725 [restartedMain] INFO  org.apache.catalina.core.StandardService - Stopping service [Tomcat]
2020-12-25 20:18:14.736 [restartedMain] INFO  o.s.b.a.l.ConditionEvaluationReportLoggingListener - 

Error starting ApplicationContext. To display the conditions report re-run your application with 'debug' enabled.
2020-12-25 20:20:25.464 [restartedMain] INFO  com.easydicm.storescp.StorescpApplication - Starting StorescpApplication using Java 11.0.9 on dhzub with PID 30636 (/home/dhz/work/easydicm-parent/storescp/target/classes started by dhz in /home/dhz/work/easydicm-parent)
2020-12-25 20:20:25.466 [restartedMain] INFO  com.easydicm.storescp.StorescpApplication - The following profiles are active: dev
2020-12-25 20:20:25.507 [restartedMain] INFO  o.s.b.d.env.DevToolsPropertyDefaultsPostProcessor - Devtools property defaults active! Set 'spring.devtools.add-properties' to 'false' to disable
2020-12-25 20:20:25.507 [restartedMain] INFO  o.s.b.d.env.DevToolsPropertyDefaultsPostProcessor - For additional web related logging consider setting the 'logging.level.web' property to 'DEBUG'
2020-12-25 20:20:26.301 [restartedMain] INFO  o.s.boot.web.embedded.tomcat.TomcatWebServer - Tomcat initialized with port(s): 8080 (http)
2020-12-25 20:20:26.307 [restartedMain] INFO  org.apache.coyote.http11.Http11NioProtocol - Initializing ProtocolHandler ["http-nio-8080"]
2020-12-25 20:20:26.307 [restartedMain] INFO  org.apache.catalina.core.StandardService - Starting service [Tomcat]
2020-12-25 20:20:26.307 [restartedMain] INFO  org.apache.catalina.core.StandardEngine - Starting Servlet engine: [Apache Tomcat/9.0.39]
2020-12-25 20:20:26.355 [restartedMain] INFO  o.a.c.core.ContainerBase.[Tomcat].[localhost].[/] - Initializing Spring embedded WebApplicationContext
2020-12-25 20:20:26.355 [restartedMain] INFO  o.s.b.w.s.c.ServletWebServerApplicationContext - Root WebApplicationContext: initialization completed in 846 ms
2020-12-25 20:20:26.460 [restartedMain] INFO  org.apache.catalina.core.StandardService - Stopping service [Tomcat]
2020-12-25 20:20:26.470 [restartedMain] INFO  o.s.b.a.l.ConditionEvaluationReportLoggingListener - 

Error starting ApplicationContext. To display the conditions report re-run your application with 'debug' enabled.
2020-12-25 20:21:21.594 [restartedMain] INFO  com.easydicm.storescp.StorescpApplication - Starting StorescpApplication using Java 11.0.9 on dhzub with PID 30727 (/home/dhz/work/easydicm-parent/storescp/target/classes started by dhz in /home/dhz/work/easydicm-parent)
2020-12-25 20:21:21.596 [restartedMain] INFO  com.easydicm.storescp.StorescpApplication - The following profiles are active: dev
2020-12-25 20:21:21.640 [restartedMain] INFO  o.s.b.d.env.DevToolsPropertyDefaultsPostProcessor - Devtools property defaults active! Set 'spring.devtools.add-properties' to 'false' to disable
2020-12-25 20:21:21.640 [restartedMain] INFO  o.s.b.d.env.DevToolsPropertyDefaultsPostProcessor - For additional web related logging consider setting the 'logging.level.web' property to 'DEBUG'
2020-12-25 20:21:22.516 [restartedMain] INFO  o.s.boot.web.embedded.tomcat.TomcatWebServer - Tomcat initialized with port(s): 8080 (http)
2020-12-25 20:21:22.523 [restartedMain] INFO  org.apache.coyote.http11.Http11NioProtocol - Initializing ProtocolHandler ["http-nio-8080"]
2020-12-25 20:21:22.523 [restartedMain] INFO  org.apache.catalina.core.StandardService - Starting service [Tomcat]
2020-12-25 20:21:22.523 [restartedMain] INFO  org.apache.catalina.core.StandardEngine - Starting Servlet engine: [Apache Tomcat/9.0.39]
2020-12-25 20:21:22.576 [restartedMain] INFO  o.a.c.core.ContainerBase.[Tomcat].[localhost].[/] - Initializing Spring embedded WebApplicationContext
2020-12-25 20:21:22.576 [restartedMain] INFO  o.s.b.w.s.c.ServletWebServerApplicationContext - Root WebApplicationContext: initialization completed in 935 ms
2020-12-25 20:21:22.712 [restartedMain] INFO  org.apache.catalina.core.StandardService - Stopping service [Tomcat]
2020-12-25 20:21:22.725 [restartedMain] INFO  o.s.b.a.l.ConditionEvaluationReportLoggingListener - 

Error starting ApplicationContext. To display the conditions report re-run your application with 'debug' enabled.
2020-12-25 20:22:42.592 [restartedMain] INFO  com.easydicm.storescp.StorescpApplication - Starting StorescpApplication using Java 11.0.9 on dhzub with PID 30914 (/home/dhz/work/easydicm-parent/storescp/target/classes started by dhz in /home/dhz/work/easydicm-parent)
2020-12-25 20:22:42.594 [restartedMain] INFO  com.easydicm.storescp.StorescpApplication - The following profiles are active: dev
2020-12-25 20:22:42.634 [restartedMain] INFO  o.s.b.d.env.DevToolsPropertyDefaultsPostProcessor - Devtools property defaults active! Set 'spring.devtools.add-properties' to 'false' to disable
2020-12-25 20:22:42.635 [restartedMain] INFO  o.s.b.d.env.DevToolsPropertyDefaultsPostProcessor - For additional web related logging consider setting the 'logging.level.web' property to 'DEBUG'
2020-12-25 20:22:43.339 [restartedMain] INFO  o.s.boot.web.embedded.tomcat.TomcatWebServer - Tomcat initialized with port(s): 8080 (http)
2020-12-25 20:22:43.344 [restartedMain] INFO  org.apache.coyote.http11.Http11NioProtocol - Initializing ProtocolHandler ["http-nio-8080"]
2020-12-25 20:22:43.345 [restartedMain] INFO  org.apache.catalina.core.StandardService - Starting service [Tomcat]
2020-12-25 20:22:43.345 [restartedMain] INFO  org.apache.catalina.core.StandardEngine - Starting Servlet engine: [Apache Tomcat/9.0.39]
2020-12-25 20:22:43.408 [restartedMain] INFO  o.a.c.core.ContainerBase.[Tomcat].[localhost].[/] - Initializing Spring embedded WebApplicationContext
2020-12-25 20:22:43.408 [restartedMain] INFO  o.s.b.w.s.c.ServletWebServerApplicationContext - Root WebApplicationContext: initialization completed in 773 ms
2020-12-25 20:22:43.441 [restartedMain] INFO  org.apache.catalina.core.StandardService - Stopping service [Tomcat]
2020-12-25 20:22:43.452 [restartedMain] INFO  o.s.b.a.l.ConditionEvaluationReportLoggingListener - 

Error starting ApplicationContext. To display the conditions report re-run your application with 'debug' enabled.
2020-12-25 20:31:48.861 [restartedMain] INFO  com.easydicm.storescp.StorescpApplication - Starting StorescpApplication using Java 11.0.9 on dhzub with PID 31176 (/home/dhz/work/easydicm-parent/storescp/target/classes started by dhz in /home/dhz/work/easydicm-parent)
2020-12-25 20:31:48.863 [restartedMain] INFO  com.easydicm.storescp.StorescpApplication - The following profiles are active: dev
2020-12-25 20:31:48.900 [restartedMain] INFO  o.s.b.d.env.DevToolsPropertyDefaultsPostProcessor - Devtools property defaults active! Set 'spring.devtools.add-properties' to 'false' to disable
2020-12-25 20:31:48.901 [restartedMain] INFO  o.s.b.d.env.DevToolsPropertyDefaultsPostProcessor - For additional web related logging consider setting the 'logging.level.web' property to 'DEBUG'
2020-12-25 20:31:49.609 [restartedMain] INFO  o.s.boot.web.embedded.tomcat.TomcatWebServer - Tomcat initialized with port(s): 8080 (http)
2020-12-25 20:31:49.615 [restartedMain] INFO  org.apache.coyote.http11.Http11NioProtocol - Initializing ProtocolHandler ["http-nio-8080"]
2020-12-25 20:31:49.615 [restartedMain] INFO  org.apache.catalina.core.StandardService - Starting service [Tomcat]
2020-12-25 20:31:49.615 [restartedMain] INFO  org.apache.catalina.core.StandardEngine - Starting Servlet engine: [Apache Tomcat/9.0.39]
2020-12-25 20:31:49.678 [restartedMain] INFO  o.a.c.core.ContainerBase.[Tomcat].[localhost].[/] - Initializing Spring embedded WebApplicationContext
2020-12-25 20:31:49.679 [restartedMain] INFO  o.s.b.w.s.c.ServletWebServerApplicationContext - Root WebApplicationContext: initialization completed in 777 ms
2020-12-25 20:31:49.715 [restartedMain] INFO  org.apache.catalina.core.StandardService - Stopping service [Tomcat]
2020-12-25 20:31:49.725 [restartedMain] INFO  o.s.b.a.l.ConditionEvaluationReportLoggingListener - 

Error starting ApplicationContext. To display the conditions report re-run your application with 'debug' enabled.
2020-12-25 20:32:57.354 [restartedMain] INFO  com.easydicm.storescp.StorescpApplication - Starting StorescpApplication using Java 11.0.9 on dhzub with PID 31288 (/home/dhz/work/easydicm-parent/storescp/target/classes started by dhz in /home/dhz/work/easydicm-parent)
2020-12-25 20:32:57.356 [restartedMain] INFO  com.easydicm.storescp.StorescpApplication - The following profiles are active: dev
2020-12-25 20:32:57.386 [restartedMain] INFO  o.s.b.d.env.DevToolsPropertyDefaultsPostProcessor - Devtools property defaults active! Set 'spring.devtools.add-properties' to 'false' to disable
2020-12-25 20:32:57.387 [restartedMain] INFO  o.s.b.d.env.DevToolsPropertyDefaultsPostProcessor - For additional web related logging consider setting the 'logging.level.web' property to 'DEBUG'
2020-12-25 20:32:58.186 [restartedMain] INFO  o.s.boot.web.embedded.tomcat.TomcatWebServer - Tomcat initialized with port(s): 8080 (http)
2020-12-25 20:32:58.191 [restartedMain] INFO  org.apache.coyote.http11.Http11NioProtocol - Initializing ProtocolHandler ["http-nio-8080"]
2020-12-25 20:32:58.191 [restartedMain] INFO  org.apache.catalina.core.StandardService - Starting service [Tomcat]
2020-12-25 20:32:58.192 [restartedMain] INFO  org.apache.catalina.core.StandardEngine - Starting Servlet engine: [Apache Tomcat/9.0.39]
2020-12-25 20:32:58.241 [restartedMain] INFO  o.a.c.core.ContainerBase.[Tomcat].[localhost].[/] - Initializing Spring embedded WebApplicationContext
2020-12-25 20:32:58.241 [restartedMain] INFO  o.s.b.w.s.c.ServletWebServerApplicationContext - Root WebApplicationContext: initialization completed in 854 ms
2020-12-25 20:32:58.349 [restartedMain] INFO  org.apache.catalina.core.StandardService - Stopping service [Tomcat]
2020-12-25 20:32:58.359 [restartedMain] INFO  o.s.b.a.l.ConditionEvaluationReportLoggingListener - 

Error starting ApplicationContext. To display the conditions report re-run your application with 'debug' enabled.
2020-12-25 20:34:18.655 [restartedMain] INFO  com.easydicm.storescp.StorescpApplication - Starting StorescpApplication using Java 11.0.9 on dhzub with PID 31400 (/home/dhz/work/easydicm-parent/storescp/target/classes started by dhz in /home/dhz/work/easydicm-parent)
2020-12-25 20:34:18.657 [restartedMain] INFO  com.easydicm.storescp.StorescpApplication - The following profiles are active: dev
2020-12-25 20:34:18.695 [restartedMain] INFO  o.s.b.d.env.DevToolsPropertyDefaultsPostProcessor - Devtools property defaults active! Set 'spring.devtools.add-properties' to 'false' to disable
2020-12-25 20:34:18.695 [restartedMain] INFO  o.s.b.d.env.DevToolsPropertyDefaultsPostProcessor - For additional web related logging consider setting the 'logging.level.web' property to 'DEBUG'
2020-12-25 20:34:19.505 [restartedMain] INFO  o.s.boot.web.embedded.tomcat.TomcatWebServer - Tomcat initialized with port(s): 8080 (http)
2020-12-25 20:34:19.510 [restartedMain] INFO  org.apache.coyote.http11.Http11NioProtocol - Initializing ProtocolHandler ["http-nio-8080"]
2020-12-25 20:34:19.511 [restartedMain] INFO  org.apache.catalina.core.StandardService - Starting service [Tomcat]
2020-12-25 20:34:19.511 [restartedMain] INFO  org.apache.catalina.core.StandardEngine - Starting Servlet engine: [Apache Tomcat/9.0.39]
2020-12-25 20:34:19.561 [restartedMain] INFO  o.a.c.core.ContainerBase.[Tomcat].[localhost].[/] - Initializing Spring embedded WebApplicationContext
2020-12-25 20:34:19.561 [restartedMain] INFO  o.s.b.w.s.c.ServletWebServerApplicationContext - Root WebApplicationContext: initialization completed in 865 ms
2020-12-25 20:34:19.748 [restartedMain] INFO  com.easydicm.storescp.DicmSCP - DicmSCP    start ....
2020-12-25 20:34:19.763 [restartedMain] INFO  com.zaxxer.hikari.HikariDataSource - HikariPool-1 - Starting...
2020-12-25 20:34:21.070 [restartedMain] INFO  o.s.scheduling.concurrent.ThreadPoolTaskExecutor - Initializing ExecutorService 'applicationTaskExecutor'
2020-12-25 20:34:21.188 [restartedMain] INFO  o.s.b.d.autoconfigure.OptionalLiveReloadServer - LiveReload server is running on port 35729
2020-12-25 20:34:21.203 [restartedMain] INFO  org.apache.coyote.http11.Http11NioProtocol - Starting ProtocolHandler ["http-nio-8080"]
2020-12-25 20:34:21.213 [restartedMain] INFO  o.s.boot.web.embedded.tomcat.TomcatWebServer - Tomcat started on port(s): 8080 (http) with context path ''
2020-12-25 20:34:21.224 [restartedMain] INFO  com.easydicm.storescp.StorescpApplication - Started StorescpApplication in 2.925 seconds (JVM running for 3.45)
2020-12-25 20:35:36.071 [SpringContextShutdownHook] INFO  o.s.scheduling.concurrent.ThreadPoolTaskExecutor - Shutting down ExecutorService 'applicationTaskExecutor'
2020-12-25 20:35:36.072 [SpringContextShutdownHook] INFO  com.easydicm.storescp.DicmSCP - DicmSCP    remove connections ....
2020-12-25 20:35:36.073 [SpringContextShutdownHook] INFO  com.easydicm.storescp.DicmSCP - DicmSCP    remove connections end !
2020-12-25 20:35:38.264 [restartedMain] INFO  com.easydicm.storescp.StorescpApplication - Starting StorescpApplication using Java 11.0.9 on dhzub with PID 31570 (/home/dhz/work/easydicm-parent/storescp/target/classes started by dhz in /home/dhz/work/easydicm-parent)
2020-12-25 20:35:38.266 [restartedMain] INFO  com.easydicm.storescp.StorescpApplication - The following profiles are active: dev
2020-12-25 20:35:38.303 [restartedMain] INFO  o.s.b.d.env.DevToolsPropertyDefaultsPostProcessor - Devtools property defaults active! Set 'spring.devtools.add-properties' to 'false' to disable
2020-12-25 20:35:38.303 [restartedMain] INFO  o.s.b.d.env.DevToolsPropertyDefaultsPostProcessor - For additional web related logging consider setting the 'logging.level.web' property to 'DEBUG'
2020-12-25 20:35:39.115 [restartedMain] INFO  o.s.boot.web.embedded.tomcat.TomcatWebServer - Tomcat initialized with port(s): 8080 (http)
2020-12-25 20:35:39.120 [restartedMain] INFO  org.apache.coyote.http11.Http11NioProtocol - Initializing ProtocolHandler ["http-nio-8080"]
2020-12-25 20:35:39.121 [restartedMain] INFO  org.apache.catalina.core.StandardService - Starting service [Tomcat]
2020-12-25 20:35:39.121 [restartedMain] INFO  org.apache.catalina.core.StandardEngine - Starting Servlet engine: [Apache Tomcat/9.0.39]
2020-12-25 20:35:39.172 [restartedMain] INFO  o.a.c.core.ContainerBase.[Tomcat].[localhost].[/] - Initializing Spring embedded WebApplicationContext
2020-12-25 20:35:39.172 [restartedMain] INFO  o.s.b.w.s.c.ServletWebServerApplicationContext - Root WebApplicationContext: initialization completed in 868 ms
2020-12-25 20:35:39.358 [restartedMain] INFO  com.easydicm.storescp.DicmSCP - DicmSCP    start ....
2020-12-25 20:35:39.373 [restartedMain] INFO  com.zaxxer.hikari.HikariDataSource - HikariPool-1 - Starting...
2020-12-25 20:35:40.641 [restartedMain] INFO  o.s.scheduling.concurrent.ThreadPoolTaskExecutor - Initializing ExecutorService 'applicationTaskExecutor'
2020-12-25 20:35:40.749 [restartedMain] INFO  o.s.b.d.autoconfigure.OptionalLiveReloadServer - LiveReload server is running on port 35729
2020-12-25 20:35:40.766 [restartedMain] INFO  org.apache.coyote.http11.Http11NioProtocol - Starting ProtocolHandler ["http-nio-8080"]
2020-12-25 20:35:40.776 [restartedMain] INFO  o.s.boot.web.embedded.tomcat.TomcatWebServer - Tomcat started on port(s): 8080 (http) with context path ''
2020-12-25 20:35:40.789 [restartedMain] INFO  com.easydicm.storescp.StorescpApplication - Started StorescpApplication in 2.888 seconds (JVM running for 3.449)
2020-12-25 20:39:14.447 [SpringContextShutdownHook] INFO  o.s.scheduling.concurrent.ThreadPoolTaskExecutor - Shutting down ExecutorService 'applicationTaskExecutor'
2020-12-25 20:39:14.448 [SpringContextShutdownHook] INFO  com.easydicm.storescp.DicmSCP - DicmSCP    remove connections ....
2020-12-25 20:39:14.448 [SpringContextShutdownHook] INFO  com.easydicm.storescp.DicmSCP - DicmSCP    remove connections end !
2020-12-25 20:39:16.638 [restartedMain] INFO  com.easydicm.storescp.StorescpApplication - Starting StorescpApplication using Java 11.0.9 on dhzub with PID 31915 (/home/dhz/work/easydicm-parent/storescp/target/classes started by dhz in /home/dhz/work/easydicm-parent)
2020-12-25 20:39:16.640 [restartedMain] INFO  com.easydicm.storescp.StorescpApplication - The following profiles are active: dev
2020-12-25 20:39:16.679 [restartedMain] INFO  o.s.b.d.env.DevToolsPropertyDefaultsPostProcessor - Devtools property defaults active! Set 'spring.devtools.add-properties' to 'false' to disable
2020-12-25 20:39:16.680 [restartedMain] INFO  o.s.b.d.env.DevToolsPropertyDefaultsPostProcessor - For additional web related logging consider setting the 'logging.level.web' property to 'DEBUG'
2020-12-25 20:39:17.448 [restartedMain] INFO  o.s.boot.web.embedded.tomcat.TomcatWebServer - Tomcat initialized with port(s): 8080 (http)
2020-12-25 20:39:17.454 [restartedMain] INFO  org.apache.coyote.http11.Http11NioProtocol - Initializing ProtocolHandler ["http-nio-8080"]
2020-12-25 20:39:17.454 [restartedMain] INFO  org.apache.catalina.core.StandardService - Starting service [Tomcat]
2020-12-25 20:39:17.454 [restartedMain] INFO  org.apache.catalina.core.StandardEngine - Starting Servlet engine: [Apache Tomcat/9.0.39]
2020-12-25 20:39:17.504 [restartedMain] INFO  o.a.c.core.ContainerBase.[Tomcat].[localhost].[/] - Initializing Spring embedded WebApplicationContext
2020-12-25 20:39:17.504 [restartedMain] INFO  o.s.b.w.s.c.ServletWebServerApplicationContext - Root WebApplicationContext: initialization completed in 824 ms
2020-12-25 20:39:17.686 [restartedMain] INFO  com.easydicm.storescp.DicmSCP - DicmSCP    start ....
2020-12-25 20:39:17.700 [restartedMain] INFO  com.zaxxer.hikari.HikariDataSource - HikariPool-1 - Starting...
2020-12-25 20:39:18.962 [restartedMain] INFO  o.s.scheduling.concurrent.ThreadPoolTaskExecutor - Initializing ExecutorService 'applicationTaskExecutor'
2020-12-25 20:39:19.069 [restartedMain] INFO  o.s.b.d.autoconfigure.OptionalLiveReloadServer - LiveReload server is running on port 35729
2020-12-25 20:39:19.082 [restartedMain] INFO  org.apache.coyote.http11.Http11NioProtocol - Starting ProtocolHandler ["http-nio-8080"]
2020-12-25 20:39:19.110 [restartedMain] INFO  o.s.boot.web.embedded.tomcat.TomcatWebServer - Tomcat started on port(s): 8080 (http) with context path ''
2020-12-25 20:39:19.121 [restartedMain] INFO  com.easydicm.storescp.StorescpApplication - Started StorescpApplication in 2.839 seconds (JVM running for 3.383)
2020-12-25 20:40:00.086 [SpringContextShutdownHook] INFO  o.s.scheduling.concurrent.ThreadPoolTaskExecutor - Shutting down ExecutorService 'applicationTaskExecutor'
2020-12-25 20:40:00.087 [SpringContextShutdownHook] INFO  com.easydicm.storescp.DicmSCP - DicmSCP    remove connections ....
2020-12-25 20:40:00.087 [SpringContextShutdownHook] INFO  com.easydicm.storescp.DicmSCP - DicmSCP    remove connections end !
2020-12-25 20:50:08.745 [restartedMain] INFO  com.easydicm.storescp.StorescpApplication - Starting StorescpApplication using Java 11.0.9 on dhzub with PID 32604 (/home/dhz/work/easydicm-parent/storescp/target/classes started by dhz in /home/dhz/work/easydicm-parent)
2020-12-25 20:50:08.747 [restartedMain] INFO  com.easydicm.storescp.StorescpApplication - The following profiles are active: dev
2020-12-25 20:50:08.778 [restartedMain] INFO  o.s.b.d.env.DevToolsPropertyDefaultsPostProcessor - Devtools property defaults active! Set 'spring.devtools.add-properties' to 'false' to disable
2020-12-25 20:50:08.778 [restartedMain] INFO  o.s.b.d.env.DevToolsPropertyDefaultsPostProcessor - For additional web related logging consider setting the 'logging.level.web' property to 'DEBUG'
2020-12-25 20:50:09.621 [restartedMain] INFO  o.s.boot.web.embedded.tomcat.TomcatWebServer - Tomcat initialized with port(s): 8080 (http)
2020-12-25 20:50:09.627 [restartedMain] INFO  org.apache.coyote.http11.Http11NioProtocol - Initializing ProtocolHandler ["http-nio-8080"]
2020-12-25 20:50:09.627 [restartedMain] INFO  org.apache.catalina.core.StandardService - Starting service [Tomcat]
2020-12-25 20:50:09.627 [restartedMain] INFO  org.apache.catalina.core.StandardEngine - Starting Servlet engine: [Apache Tomcat/9.0.39]
2020-12-25 20:50:09.677 [restartedMain] INFO  o.a.c.core.ContainerBase.[Tomcat].[localhost].[/] - Initializing Spring embedded WebApplicationContext
2020-12-25 20:50:09.677 [restartedMain] INFO  o.s.b.w.s.c.ServletWebServerApplicationContext - Root WebApplicationContext: initialization completed in 899 ms
2020-12-25 20:50:09.786 [restartedMain] INFO  org.apache.catalina.core.StandardService - Stopping service [Tomcat]
2020-12-25 20:50:09.797 [restartedMain] INFO  o.s.b.a.l.ConditionEvaluationReportLoggingListener - 

Error starting ApplicationContext. To display the conditions report re-run your application with 'debug' enabled.
2020-12-25 20:50:45.547 [restartedMain] INFO  com.easydicm.storescp.StorescpApplication - Starting StorescpApplication using Java 11.0.9 on dhzub with PID 32698 (/home/dhz/work/easydicm-parent/storescp/target/classes started by dhz in /home/dhz/work/easydicm-parent)
2020-12-25 20:50:45.549 [restartedMain] INFO  com.easydicm.storescp.StorescpApplication - The following profiles are active: dev
2020-12-25 20:50:45.581 [restartedMain] INFO  o.s.b.d.env.DevToolsPropertyDefaultsPostProcessor - Devtools property defaults active! Set 'spring.devtools.add-properties' to 'false' to disable
2020-12-25 20:50:45.582 [restartedMain] INFO  o.s.b.d.env.DevToolsPropertyDefaultsPostProcessor - For additional web related logging consider setting the 'logging.level.web' property to 'DEBUG'
2020-12-25 20:50:46.341 [restartedMain] INFO  o.s.boot.web.embedded.tomcat.TomcatWebServer - Tomcat initialized with port(s): 8080 (http)
2020-12-25 20:50:46.346 [restartedMain] INFO  org.apache.coyote.http11.Http11NioProtocol - Initializing ProtocolHandler ["http-nio-8080"]
2020-12-25 20:50:46.346 [restartedMain] INFO  org.apache.catalina.core.StandardService - Starting service [Tomcat]
2020-12-25 20:50:46.347 [restartedMain] INFO  org.apache.catalina.core.StandardEngine - Starting Servlet engine: [Apache Tomcat/9.0.39]
2020-12-25 20:50:46.394 [restartedMain] INFO  o.a.c.core.ContainerBase.[Tomcat].[localhost].[/] - Initializing Spring embedded WebApplicationContext
2020-12-25 20:50:46.394 [restartedMain] INFO  o.s.b.w.s.c.ServletWebServerApplicationContext - Root WebApplicationContext: initialization completed in 812 ms
2020-12-25 20:50:46.589 [restartedMain] INFO  com.easydicm.storescp.DicmSCP - DicmSCP    start ....
2020-12-25 20:50:46.603 [restartedMain] INFO  com.zaxxer.hikari.HikariDataSource - HikariPool-1 - Starting...
2020-12-25 20:50:47.859 [restartedMain] INFO  o.s.scheduling.concurrent.ThreadPoolTaskExecutor - Initializing ExecutorService 'applicationTaskExecutor'
2020-12-25 20:50:47.959 [restartedMain] INFO  o.s.b.d.autoconfigure.OptionalLiveReloadServer - LiveReload server is running on port 35729
2020-12-25 20:50:47.974 [restartedMain] INFO  org.apache.coyote.http11.Http11NioProtocol - Starting ProtocolHandler ["http-nio-8080"]
2020-12-25 20:50:47.985 [restartedMain] INFO  o.s.boot.web.embedded.tomcat.TomcatWebServer - Tomcat started on port(s): 8080 (http) with context path ''
2020-12-25 20:50:47.998 [restartedMain] INFO  com.easydicm.storescp.StorescpApplication - Started StorescpApplication in 2.831 seconds (JVM running for 3.342)
2020-12-25 20:54:59.299 [SpringContextShutdownHook] INFO  o.s.scheduling.concurrent.ThreadPoolTaskExecutor - Shutting down ExecutorService 'applicationTaskExecutor'
2020-12-25 20:54:59.301 [SpringContextShutdownHook] INFO  com.easydicm.storescp.DicmSCP - DicmSCP    remove connections ....
2020-12-25 20:54:59.301 [SpringContextShutdownHook] INFO  com.easydicm.storescp.DicmSCP - DicmSCP    remove connections end !
2020-12-25 21:56:51.542 [restartedMain] INFO  com.easydicm.storescp.StorescpApplication - Starting StorescpApplication using Java 11.0.9 on dhzub with PID 3135 (/home/dhz/work/easydicm-parent/storescp/target/classes started by dhz in /home/dhz/work/easydicm-parent)
2020-12-25 21:56:51.544 [restartedMain] INFO  com.easydicm.storescp.StorescpApplication - The following profiles are active: dev
2020-12-25 21:56:51.584 [restartedMain] INFO  o.s.b.d.env.DevToolsPropertyDefaultsPostProcessor - Devtools property defaults active! Set 'spring.devtools.add-properties' to 'false' to disable
2020-12-25 21:56:51.584 [restartedMain] INFO  o.s.b.d.env.DevToolsPropertyDefaultsPostProcessor - For additional web related logging consider setting the 'logging.level.web' property to 'DEBUG'
2020-12-25 21:56:52.374 [restartedMain] INFO  o.s.boot.web.embedded.tomcat.TomcatWebServer - Tomcat initialized with port(s): 8080 (http)
2020-12-25 21:56:52.380 [restartedMain] INFO  org.apache.coyote.http11.Http11NioProtocol - Initializing ProtocolHandler ["http-nio-8080"]
2020-12-25 21:56:52.380 [restartedMain] INFO  org.apache.catalina.core.StandardService - Starting service [Tomcat]
2020-12-25 21:56:52.380 [restartedMain] INFO  org.apache.catalina.core.StandardEngine - Starting Servlet engine: [Apache Tomcat/9.0.39]
2020-12-25 21:56:52.427 [restartedMain] INFO  o.a.c.core.ContainerBase.[Tomcat].[localhost].[/] - Initializing Spring embedded WebApplicationContext
2020-12-25 21:56:52.428 [restartedMain] INFO  o.s.b.w.s.c.ServletWebServerApplicationContext - Root WebApplicationContext: initialization completed in 843 ms
2020-12-25 21:56:52.611 [restartedMain] INFO  com.easydicm.storescp.DicmSCP - DicmSCP    start ....
2020-12-25 21:56:52.625 [restartedMain] INFO  com.zaxxer.hikari.HikariDataSource - HikariPool-1 - Starting...
2020-12-25 21:56:53.897 [restartedMain] INFO  o.s.scheduling.concurrent.ThreadPoolTaskExecutor - Initializing ExecutorService 'applicationTaskExecutor'
2020-12-25 21:56:54.000 [restartedMain] INFO  o.s.b.d.autoconfigure.OptionalLiveReloadServer - LiveReload server is running on port 35729
2020-12-25 21:56:54.014 [restartedMain] INFO  org.apache.coyote.http11.Http11NioProtocol - Starting ProtocolHandler ["http-nio-8080"]
2020-12-25 21:56:54.024 [restartedMain] INFO  o.s.boot.web.embedded.tomcat.TomcatWebServer - Tomcat started on port(s): 8080 (http) with context path ''
2020-12-25 21:56:54.035 [restartedMain] INFO  com.easydicm.storescp.StorescpApplication - Started StorescpApplication in 2.92 seconds (JVM running for 3.511)
2020-12-25 22:13:46.877 [SpringContextShutdownHook] INFO  o.s.scheduling.concurrent.ThreadPoolTaskExecutor - Shutting down ExecutorService 'applicationTaskExecutor'
2020-12-25 22:13:46.878 [SpringContextShutdownHook] INFO  com.easydicm.storescp.DicmSCP - DicmSCP    remove connections ....
2020-12-25 22:13:46.878 [SpringContextShutdownHook] INFO  com.easydicm.storescp.DicmSCP - DicmSCP    remove connections end !
2020-12-25 22:14:01.643 [restartedMain] INFO  com.easydicm.storescp.StorescpApplication - Starting StorescpApplication using Java 11.0.9 on dhzub with PID 5791 (/home/dhz/work/easydicm-parent/storescp/target/classes started by dhz in /home/dhz/work/easydicm-parent)
2020-12-25 22:14:01.645 [restartedMain] INFO  com.easydicm.storescp.StorescpApplication - The following profiles are active: dev
2020-12-25 22:14:01.716 [restartedMain] INFO  o.s.b.d.env.DevToolsPropertyDefaultsPostProcessor - Devtools property defaults active! Set 'spring.devtools.add-properties' to 'false' to disable
2020-12-25 22:14:01.716 [restartedMain] INFO  o.s.b.d.env.DevToolsPropertyDefaultsPostProcessor - For additional web related logging consider setting the 'logging.level.web' property to 'DEBUG'
2020-12-25 22:14:02.576 [restartedMain] INFO  o.s.boot.web.embedded.tomcat.TomcatWebServer - Tomcat initialized with port(s): 8080 (http)
2020-12-25 22:14:02.581 [restartedMain] INFO  org.apache.coyote.http11.Http11NioProtocol - Initializing ProtocolHandler ["http-nio-8080"]
2020-12-25 22:14:02.582 [restartedMain] INFO  org.apache.catalina.core.StandardService - Starting service [Tomcat]
2020-12-25 22:14:02.582 [restartedMain] INFO  org.apache.catalina.core.StandardEngine - Starting Servlet engine: [Apache Tomcat/9.0.39]
2020-12-25 22:14:02.637 [restartedMain] INFO  o.a.c.core.ContainerBase.[Tomcat].[localhost].[/] - Initializing Spring embedded WebApplicationContext
2020-12-25 22:14:02.637 [restartedMain] INFO  o.s.b.w.s.c.ServletWebServerApplicationContext - Root WebApplicationContext: initialization completed in 920 ms
2020-12-25 22:14:02.827 [restartedMain] INFO  com.easydicm.storescp.DicmSCP - DicmSCP    start ....
2020-12-25 22:14:02.844 [restartedMain] INFO  com.zaxxer.hikari.HikariDataSource - HikariPool-1 - Starting...
2020-12-25 22:14:03.027 [restartedMain] INFO  com.zaxxer.hikari.HikariDataSource - HikariPool-1 - Start completed.
2020-12-25 22:14:03.045 [restartedMain] INFO  com.easydicm.storescp.DicmSCP - org.springframework.boot.DefaultApplicationArguments@6eeb85af
2020-12-25 22:14:03.049 [restartedMain] INFO  com.easydicm.storescp.DicmSCP - DicmSCP Setting is  {DicmQRSCP,192.168.1.92,11112}
2020-12-25 22:14:03.058 [restartedMain] INFO  com.easydicm.storescp.DicmSCP - DicmSCP    start success !
2020-12-25 22:14:03.058 [pool-2-thread-1] INFO  org.dcm4che3.net.Connection - Start TCP Listener on /192.168.1.92:11112
2020-12-25 22:14:03.168 [restartedMain] INFO  o.s.scheduling.concurrent.ThreadPoolTaskExecutor - Initializing ExecutorService 'applicationTaskExecutor'
2020-12-25 22:14:03.310 [restartedMain] INFO  o.s.b.d.autoconfigure.OptionalLiveReloadServer - LiveReload server is running on port 35729
2020-12-25 22:14:03.324 [restartedMain] INFO  org.apache.coyote.http11.Http11NioProtocol - Starting ProtocolHandler ["http-nio-8080"]
2020-12-25 22:14:03.334 [restartedMain] INFO  o.s.boot.web.embedded.tomcat.TomcatWebServer - Tomcat started on port(s): 8080 (http) with context path ''
2020-12-25 22:14:03.350 [restartedMain] INFO  com.easydicm.storescp.StorescpApplication - Started StorescpApplication in 2.114 seconds (JVM running for 2.726)
2020-12-25 22:21:12.630 [SpringContextShutdownHook] INFO  o.s.scheduling.concurrent.ThreadPoolTaskExecutor - Shutting down ExecutorService 'applicationTaskExecutor'
2020-12-25 22:21:12.631 [SpringContextShutdownHook] INFO  com.easydicm.storescp.DicmSCP - DicmSCP    remove connections ....
2020-12-25 22:21:12.632 [SpringContextShutdownHook] INFO  com.zaxxer.hikari.HikariDataSource - HikariPool-1 - Shutdown initiated...
2020-12-25 22:21:12.636 [SpringContextShutdownHook] INFO  com.zaxxer.hikari.HikariDataSource - HikariPool-1 - Shutdown completed.
2020-12-25 22:21:17.360 [restartedMain] INFO  com.easydicm.storescp.StorescpApplication - Starting StorescpApplication using Java 11.0.9 on dhzub with PID 6441 (/home/dhz/work/easydicm-parent/storescp/target/classes started by dhz in /home/dhz/work/easydicm-parent)
2020-12-25 22:21:17.362 [restartedMain] INFO  com.easydicm.storescp.StorescpApplication - The following profiles are active: dev
2020-12-25 22:21:17.404 [restartedMain] INFO  o.s.b.d.env.DevToolsPropertyDefaultsPostProcessor - Devtools property defaults active! Set 'spring.devtools.add-properties' to 'false' to disable
2020-12-25 22:21:17.405 [restartedMain] INFO  o.s.b.d.env.DevToolsPropertyDefaultsPostProcessor - For additional web related logging consider setting the 'logging.level.web' property to 'DEBUG'
2020-12-25 22:21:18.272 [restartedMain] INFO  o.s.boot.web.embedded.tomcat.TomcatWebServer - Tomcat initialized with port(s): 8080 (http)
2020-12-25 22:21:18.278 [restartedMain] INFO  org.apache.coyote.http11.Http11NioProtocol - Initializing ProtocolHandler ["http-nio-8080"]
2020-12-25 22:21:18.278 [restartedMain] INFO  org.apache.catalina.core.StandardService - Starting service [Tomcat]
2020-12-25 22:21:18.278 [restartedMain] INFO  org.apache.catalina.core.StandardEngine - Starting Servlet engine: [Apache Tomcat/9.0.39]
2020-12-25 22:21:18.333 [restartedMain] INFO  o.a.c.core.ContainerBase.[Tomcat].[localhost].[/] - Initializing Spring embedded WebApplicationContext
2020-12-25 22:21:18.333 [restartedMain] INFO  o.s.b.w.s.c.ServletWebServerApplicationContext - Root WebApplicationContext: initialization completed in 928 ms
2020-12-25 22:21:18.513 [restartedMain] INFO  com.easydicm.storescp.DicmSCP - DicmSCP    start ....
2020-12-25 22:21:18.634 [restartedMain] INFO  o.s.scheduling.concurrent.ThreadPoolTaskExecutor - Initializing ExecutorService 'applicationTaskExecutor'
2020-12-25 22:21:18.746 [restartedMain] INFO  o.s.b.d.autoconfigure.OptionalLiveReloadServer - LiveReload server is running on port 35729
2020-12-25 22:21:18.761 [restartedMain] INFO  org.apache.coyote.http11.Http11NioProtocol - Starting ProtocolHandler ["http-nio-8080"]
2020-12-25 22:21:18.777 [restartedMain] INFO  o.s.boot.web.embedded.tomcat.TomcatWebServer - Tomcat started on port(s): 8080 (http) with context path ''
2020-12-25 22:21:18.792 [restartedMain] INFO  com.easydicm.storescp.StorescpApplication - Started StorescpApplication in 1.788 seconds (JVM running for 2.38)
2020-12-25 22:21:38.538 [SpringContextShutdownHook] INFO  o.s.scheduling.concurrent.ThreadPoolTaskExecutor - Shutting down ExecutorService 'applicationTaskExecutor'
2020-12-25 22:21:38.539 [SpringContextShutdownHook] INFO  com.easydicm.storescp.DicmSCP - DicmSCP    remove connections ....
2020-12-25 22:21:38.539 [SpringContextShutdownHook] INFO  com.easydicm.storescp.DicmSCP - DicmSCP    remove connections end !
2020-12-25 22:21:42.022 [restartedMain] INFO  com.easydicm.storescp.StorescpApplication - Starting StorescpApplication using Java 11.0.9 on dhzub with PID 6571 (/home/dhz/work/easydicm-parent/storescp/target/classes started by dhz in /home/dhz/work/easydicm-parent)
2020-12-25 22:21:42.024 [restartedMain] INFO  com.easydicm.storescp.StorescpApplication - The following profiles are active: dev
2020-12-25 22:21:42.063 [restartedMain] INFO  o.s.b.d.env.DevToolsPropertyDefaultsPostProcessor - Devtools property defaults active! Set 'spring.devtools.add-properties' to 'false' to disable
2020-12-25 22:21:42.064 [restartedMain] INFO  o.s.b.d.env.DevToolsPropertyDefaultsPostProcessor - For additional web related logging consider setting the 'logging.level.web' property to 'DEBUG'
2020-12-25 22:21:42.864 [restartedMain] INFO  o.s.boot.web.embedded.tomcat.TomcatWebServer - Tomcat initialized with port(s): 8080 (http)
2020-12-25 22:21:42.869 [restartedMain] INFO  org.apache.coyote.http11.Http11NioProtocol - Initializing ProtocolHandler ["http-nio-8080"]
2020-12-25 22:21:42.870 [restartedMain] INFO  org.apache.catalina.core.StandardService - Starting service [Tomcat]
2020-12-25 22:21:42.870 [restartedMain] INFO  org.apache.catalina.core.StandardEngine - Starting Servlet engine: [Apache Tomcat/9.0.39]
2020-12-25 22:21:42.924 [restartedMain] INFO  o.a.c.core.ContainerBase.[Tomcat].[localhost].[/] - Initializing Spring embedded WebApplicationContext
2020-12-25 22:21:42.925 [restartedMain] INFO  o.s.b.w.s.c.ServletWebServerApplicationContext - Root WebApplicationContext: initialization completed in 860 ms
2020-12-25 22:21:43.118 [restartedMain] INFO  com.easydicm.storescp.DicmSCP - DicmSCP    start ....
2020-12-25 22:21:43.131 [restartedMain] INFO  com.zaxxer.hikari.HikariDataSource - HikariPool-1 - Starting...
2020-12-25 22:21:44.386 [restartedMain] INFO  o.s.scheduling.concurrent.ThreadPoolTaskExecutor - Initializing ExecutorService 'applicationTaskExecutor'
2020-12-25 22:21:44.537 [restartedMain] INFO  o.s.b.d.autoconfigure.OptionalLiveReloadServer - LiveReload server is running on port 35729
2020-12-25 22:21:44.555 [restartedMain] INFO  org.apache.coyote.http11.Http11NioProtocol - Starting ProtocolHandler ["http-nio-8080"]
2020-12-25 22:21:44.568 [restartedMain] INFO  o.s.boot.web.embedded.tomcat.TomcatWebServer - Tomcat started on port(s): 8080 (http) with context path ''
2020-12-25 22:21:44.579 [restartedMain] INFO  com.easydicm.storescp.StorescpApplication - Started StorescpApplication in 2.962 seconds (JVM running for 3.544)
2020-12-25 22:22:09.675 [SpringContextShutdownHook] INFO  o.s.scheduling.concurrent.ThreadPoolTaskExecutor - Shutting down ExecutorService 'applicationTaskExecutor'
2020-12-25 22:22:09.676 [SpringContextShutdownHook] INFO  com.easydicm.storescp.DicmSCP - DicmSCP    remove connections ....
2020-12-25 22:22:09.676 [SpringContextShutdownHook] INFO  com.easydicm.storescp.DicmSCP - DicmSCP    remove connections end !
2020-12-25 22:22:13.337 [restartedMain] INFO  com.easydicm.storescp.StorescpApplication - Starting StorescpApplication using Java 11.0.9 on dhzub with PID 6720 (/home/dhz/work/easydicm-parent/storescp/target/classes started by dhz in /home/dhz/work/easydicm-parent)
2020-12-25 22:22:13.339 [restartedMain] INFO  com.easydicm.storescp.StorescpApplication - The following profiles are active: dev
2020-12-25 22:22:13.384 [restartedMain] INFO  o.s.b.d.env.DevToolsPropertyDefaultsPostProcessor - Devtools property defaults active! Set 'spring.devtools.add-properties' to 'false' to disable
2020-12-25 22:22:13.384 [restartedMain] INFO  o.s.b.d.env.DevToolsPropertyDefaultsPostProcessor - For additional web related logging consider setting the 'logging.level.web' property to 'DEBUG'
2020-12-25 22:22:14.204 [restartedMain] INFO  o.s.boot.web.embedded.tomcat.TomcatWebServer - Tomcat initialized with port(s): 8080 (http)
2020-12-25 22:22:14.210 [restartedMain] INFO  org.apache.coyote.http11.Http11NioProtocol - Initializing ProtocolHandler ["http-nio-8080"]
2020-12-25 22:22:14.211 [restartedMain] INFO  org.apache.catalina.core.StandardService - Starting service [Tomcat]
2020-12-25 22:22:14.211 [restartedMain] INFO  org.apache.catalina.core.StandardEngine - Starting Servlet engine: [Apache Tomcat/9.0.39]
2020-12-25 22:22:14.260 [restartedMain] INFO  o.a.c.core.ContainerBase.[Tomcat].[localhost].[/] - Initializing Spring embedded WebApplicationContext
2020-12-25 22:22:14.260 [restartedMain] INFO  o.s.b.w.s.c.ServletWebServerApplicationContext - Root WebApplicationContext: initialization completed in 875 ms
2020-12-25 22:22:14.433 [restartedMain] INFO  com.easydicm.storescp.DicmSCP - DicmSCP    start ....
2020-12-25 22:22:14.447 [restartedMain] INFO  com.zaxxer.hikari.HikariDataSource - HikariPool-1 - Starting...
2020-12-25 22:22:15.731 [restartedMain] INFO  o.s.scheduling.concurrent.ThreadPoolTaskExecutor - Initializing ExecutorService 'applicationTaskExecutor'
2020-12-25 22:22:15.837 [restartedMain] INFO  o.s.b.d.autoconfigure.OptionalLiveReloadServer - LiveReload server is running on port 35729
2020-12-25 22:22:15.850 [restartedMain] INFO  org.apache.coyote.http11.Http11NioProtocol - Starting ProtocolHandler ["http-nio-8080"]
2020-12-25 22:22:15.859 [restartedMain] INFO  o.s.boot.web.embedded.tomcat.TomcatWebServer - Tomcat started on port(s): 8080 (http) with context path ''
2020-12-25 22:22:15.869 [restartedMain] INFO  com.easydicm.storescp.StorescpApplication - Started StorescpApplication in 2.902 seconds (JVM running for 3.452)
2020-12-25 22:22:38.978 [SpringContextShutdownHook] INFO  o.s.scheduling.concurrent.ThreadPoolTaskExecutor - Shutting down ExecutorService 'applicationTaskExecutor'
2020-12-25 22:22:38.979 [SpringContextShutdownHook] INFO  com.easydicm.storescp.DicmSCP - DicmSCP    remove connections ....
2020-12-25 22:22:38.979 [SpringContextShutdownHook] INFO  com.easydicm.storescp.DicmSCP - DicmSCP    remove connections end !
2020-12-25 22:22:41.239 [restartedMain] INFO  com.easydicm.storescp.StorescpApplication - Starting StorescpApplication using Java 11.0.9 on dhzub with PID 6851 (/home/dhz/work/easydicm-parent/storescp/target/classes started by dhz in /home/dhz/work/easydicm-parent)
2020-12-25 22:22:41.241 [restartedMain] INFO  com.easydicm.storescp.StorescpApplication - The following profiles are active: dev
2020-12-25 22:22:41.272 [restartedMain] INFO  o.s.b.d.env.DevToolsPropertyDefaultsPostProcessor - Devtools property defaults active! Set 'spring.devtools.add-properties' to 'false' to disable
2020-12-25 22:22:41.273 [restartedMain] INFO  o.s.b.d.env.DevToolsPropertyDefaultsPostProcessor - For additional web related logging consider setting the 'logging.level.web' property to 'DEBUG'
2020-12-25 22:22:42.130 [restartedMain] INFO  o.s.boot.web.embedded.tomcat.TomcatWebServer - Tomcat initialized with port(s): 8080 (http)
2020-12-25 22:22:42.136 [restartedMain] INFO  org.apache.coyote.http11.Http11NioProtocol - Initializing ProtocolHandler ["http-nio-8080"]
2020-12-25 22:22:42.136 [restartedMain] INFO  org.apache.catalina.core.StandardService - Starting service [Tomcat]
2020-12-25 22:22:42.137 [restartedMain] INFO  org.apache.catalina.core.StandardEngine - Starting Servlet engine: [Apache Tomcat/9.0.39]
2020-12-25 22:22:42.192 [restartedMain] INFO  o.a.c.core.ContainerBase.[Tomcat].[localhost].[/] - Initializing Spring embedded WebApplicationContext
2020-12-25 22:22:42.192 [restartedMain] INFO  o.s.b.w.s.c.ServletWebServerApplicationContext - Root WebApplicationContext: initialization completed in 919 ms
2020-12-25 22:22:42.377 [restartedMain] INFO  com.easydicm.storescp.DicmSCP - DicmSCP    start ....
2020-12-25 22:22:42.391 [restartedMain] INFO  com.zaxxer.hikari.HikariDataSource - HikariPool-1 - Starting...
2020-12-25 22:22:43.651 [restartedMain] INFO  o.s.scheduling.concurrent.ThreadPoolTaskExecutor - Initializing ExecutorService 'applicationTaskExecutor'
2020-12-25 22:22:43.768 [restartedMain] INFO  o.s.b.d.autoconfigure.OptionalLiveReloadServer - LiveReload server is running on port 35729
2020-12-25 22:22:43.788 [restartedMain] INFO  org.apache.coyote.http11.Http11NioProtocol - Starting ProtocolHandler ["http-nio-8080"]
2020-12-25 22:22:43.802 [restartedMain] INFO  o.s.boot.web.embedded.tomcat.TomcatWebServer - Tomcat started on port(s): 8080 (http) with context path ''
2020-12-25 22:22:43.817 [restartedMain] INFO  com.easydicm.storescp.StorescpApplication - Started StorescpApplication in 2.943 seconds (JVM running for 3.506)
2020-12-25 22:23:08.126 [SpringContextShutdownHook] INFO  o.s.scheduling.concurrent.ThreadPoolTaskExecutor - Shutting down ExecutorService 'applicationTaskExecutor'
2020-12-25 22:23:08.127 [SpringContextShutdownHook] INFO  com.easydicm.storescp.DicmSCP - DicmSCP    remove connections ....
2020-12-25 22:23:08.127 [SpringContextShutdownHook] INFO  com.easydicm.storescp.DicmSCP - DicmSCP    remove connections end !
2020-12-25 22:23:11.659 [restartedMain] INFO  com.easydicm.storescp.StorescpApplication - Starting StorescpApplication using Java 11.0.9 on dhzub with PID 6987 (/home/dhz/work/easydicm-parent/storescp/target/classes started by dhz in /home/dhz/work/easydicm-parent)
2020-12-25 22:23:11.661 [restartedMain] INFO  com.easydicm.storescp.StorescpApplication - The following profiles are active: dev
2020-12-25 22:23:11.696 [restartedMain] INFO  o.s.b.d.env.DevToolsPropertyDefaultsPostProcessor - Devtools property defaults active! Set 'spring.devtools.add-properties' to 'false' to disable
2020-12-25 22:23:11.696 [restartedMain] INFO  o.s.b.d.env.DevToolsPropertyDefaultsPostProcessor - For additional web related logging consider setting the 'logging.level.web' property to 'DEBUG'
2020-12-25 22:23:12.497 [restartedMain] INFO  o.s.boot.web.embedded.tomcat.TomcatWebServer - Tomcat initialized with port(s): 8080 (http)
2020-12-25 22:23:12.502 [restartedMain] INFO  org.apache.coyote.http11.Http11NioProtocol - Initializing ProtocolHandler ["http-nio-8080"]
2020-12-25 22:23:12.503 [restartedMain] INFO  org.apache.catalina.core.StandardService - Starting service [Tomcat]
2020-12-25 22:23:12.503 [restartedMain] INFO  org.apache.catalina.core.StandardEngine - Starting Servlet engine: [Apache Tomcat/9.0.39]
2020-12-25 22:23:12.551 [restartedMain] INFO  o.a.c.core.ContainerBase.[Tomcat].[localhost].[/] - Initializing Spring embedded WebApplicationContext
2020-12-25 22:23:12.551 [restartedMain] INFO  o.s.b.w.s.c.ServletWebServerApplicationContext - Root WebApplicationContext: initialization completed in 854 ms
2020-12-25 22:23:12.731 [restartedMain] INFO  com.easydicm.storescp.DicmSCP - DicmSCP    start ....
2020-12-25 22:23:12.745 [restartedMain] INFO  com.zaxxer.hikari.HikariDataSource - HikariPool-1 - Starting...
2020-12-25 22:23:13.991 [restartedMain] INFO  o.s.scheduling.concurrent.ThreadPoolTaskExecutor - Initializing ExecutorService 'applicationTaskExecutor'
2020-12-25 22:23:14.103 [restartedMain] INFO  o.s.b.d.autoconfigure.OptionalLiveReloadServer - LiveReload server is running on port 35729
2020-12-25 22:23:14.118 [restartedMain] INFO  org.apache.coyote.http11.Http11NioProtocol - Starting ProtocolHandler ["http-nio-8080"]
2020-12-25 22:23:14.129 [restartedMain] INFO  o.s.boot.web.embedded.tomcat.TomcatWebServer - Tomcat started on port(s): 8080 (http) with context path ''
2020-12-25 22:23:14.140 [restartedMain] INFO  com.easydicm.storescp.StorescpApplication - Started StorescpApplication in 2.92 seconds (JVM running for 3.463)
2020-12-25 22:25:59.439 [SpringContextShutdownHook] INFO  o.s.scheduling.concurrent.ThreadPoolTaskExecutor - Shutting down ExecutorService 'applicationTaskExecutor'
2020-12-25 22:25:59.440 [SpringContextShutdownHook] INFO  com.easydicm.storescp.DicmSCP - DicmSCP    remove connections ....
2020-12-25 22:25:59.441 [SpringContextShutdownHook] INFO  com.easydicm.storescp.DicmSCP - DicmSCP    remove connections end !
2020-12-25 22:26:11.006 [restartedMain] INFO  com.easydicm.storescp.StorescpApplication - Starting StorescpApplication using Java 11.0.9 on dhzub with PID 7323 (/home/dhz/work/easydicm-parent/storescp/target/classes started by dhz in /home/dhz/work/easydicm-parent)
2020-12-25 22:26:11.008 [restartedMain] INFO  com.easydicm.storescp.StorescpApplication - The following profiles are active: dev
2020-12-25 22:26:11.050 [restartedMain] INFO  o.s.b.d.env.DevToolsPropertyDefaultsPostProcessor - Devtools property defaults active! Set 'spring.devtools.add-properties' to 'false' to disable
2020-12-25 22:26:11.051 [restartedMain] INFO  o.s.b.d.env.DevToolsPropertyDefaultsPostProcessor - For additional web related logging consider setting the 'logging.level.web' property to 'DEBUG'
2020-12-25 22:26:11.832 [restartedMain] INFO  o.s.boot.web.embedded.tomcat.TomcatWebServer - Tomcat initialized with port(s): 8080 (http)
2020-12-25 22:26:11.837 [restartedMain] INFO  org.apache.coyote.http11.Http11NioProtocol - Initializing ProtocolHandler ["http-nio-8080"]
2020-12-25 22:26:11.838 [restartedMain] INFO  org.apache.catalina.core.StandardService - Starting service [Tomcat]
2020-12-25 22:26:11.838 [restartedMain] INFO  org.apache.catalina.core.StandardEngine - Starting Servlet engine: [Apache Tomcat/9.0.39]
2020-12-25 22:26:11.885 [restartedMain] INFO  o.a.c.core.ContainerBase.[Tomcat].[localhost].[/] - Initializing Spring embedded WebApplicationContext
2020-12-25 22:26:11.885 [restartedMain] INFO  o.s.b.w.s.c.ServletWebServerApplicationContext - Root WebApplicationContext: initialization completed in 834 ms
2020-12-25 22:26:12.056 [restartedMain] INFO  com.easydicm.storescp.DicmSCP - DicmSCP    start ....
2020-12-25 22:26:12.176 [restartedMain] INFO  o.s.scheduling.concurrent.ThreadPoolTaskExecutor - Initializing ExecutorService 'applicationTaskExecutor'
2020-12-25 22:26:12.283 [restartedMain] INFO  o.s.b.d.autoconfigure.OptionalLiveReloadServer - LiveReload server is running on port 35729
2020-12-25 22:26:12.295 [restartedMain] INFO  org.apache.coyote.http11.Http11NioProtocol - Starting ProtocolHandler ["http-nio-8080"]
2020-12-25 22:26:12.305 [restartedMain] INFO  o.s.boot.web.embedded.tomcat.TomcatWebServer - Tomcat started on port(s): 8080 (http) with context path ''
2020-12-25 22:26:12.318 [restartedMain] INFO  com.easydicm.storescp.StorescpApplication - Started StorescpApplication in 1.697 seconds (JVM running for 2.242)
2020-12-25 22:26:27.523 [SpringContextShutdownHook] INFO  o.s.scheduling.concurrent.ThreadPoolTaskExecutor - Shutting down ExecutorService 'applicationTaskExecutor'
2020-12-25 22:26:27.523 [SpringContextShutdownHook] INFO  com.easydicm.storescp.DicmSCP - DicmSCP    remove connections ....
2020-12-25 22:26:27.524 [SpringContextShutdownHook] INFO  com.easydicm.storescp.DicmSCP - DicmSCP    remove connections end !
2020-12-25 22:26:30.882 [restartedMain] INFO  com.easydicm.storescp.StorescpApplication - Starting StorescpApplication using Java 11.0.9 on dhzub with PID 7447 (/home/dhz/work/easydicm-parent/storescp/target/classes started by dhz in /home/dhz/work/easydicm-parent)
2020-12-25 22:26:30.884 [restartedMain] INFO  com.easydicm.storescp.StorescpApplication - The following profiles are active: dev
2020-12-25 22:26:30.924 [restartedMain] INFO  o.s.b.d.env.DevToolsPropertyDefaultsPostProcessor - Devtools property defaults active! Set 'spring.devtools.add-properties' to 'false' to disable
2020-12-25 22:26:30.925 [restartedMain] INFO  o.s.b.d.env.DevToolsPropertyDefaultsPostProcessor - For additional web related logging consider setting the 'logging.level.web' property to 'DEBUG'
2020-12-25 22:26:31.725 [restartedMain] INFO  o.s.boot.web.embedded.tomcat.TomcatWebServer - Tomcat initialized with port(s): 8080 (http)
2020-12-25 22:26:31.730 [restartedMain] INFO  org.apache.coyote.http11.Http11NioProtocol - Initializing ProtocolHandler ["http-nio-8080"]
2020-12-25 22:26:31.731 [restartedMain] INFO  org.apache.catalina.core.StandardService - Starting service [Tomcat]
2020-12-25 22:26:31.731 [restartedMain] INFO  org.apache.catalina.core.StandardEngine - Starting Servlet engine: [Apache Tomcat/9.0.39]
2020-12-25 22:26:31.780 [restartedMain] INFO  o.a.c.core.ContainerBase.[Tomcat].[localhost].[/] - Initializing Spring embedded WebApplicationContext
2020-12-25 22:26:31.780 [restartedMain] INFO  o.s.b.w.s.c.ServletWebServerApplicationContext - Root WebApplicationContext: initialization completed in 854 ms
2020-12-25 22:26:31.956 [restartedMain] INFO  com.easydicm.storescp.DicmSCP - DicmSCP    start ....
2020-12-25 22:26:31.969 [restartedMain] INFO  com.zaxxer.hikari.HikariDataSource - HikariPool-1 - Starting...
2020-12-25 22:26:33.261 [restartedMain] INFO  o.s.scheduling.concurrent.ThreadPoolTaskExecutor - Initializing ExecutorService 'applicationTaskExecutor'
2020-12-25 22:26:33.360 [restartedMain] INFO  o.s.b.d.autoconfigure.OptionalLiveReloadServer - LiveReload server is running on port 35729
2020-12-25 22:26:33.373 [restartedMain] INFO  org.apache.coyote.http11.Http11NioProtocol - Starting ProtocolHandler ["http-nio-8080"]
2020-12-25 22:26:33.385 [restartedMain] INFO  o.s.boot.web.embedded.tomcat.TomcatWebServer - Tomcat started on port(s): 8080 (http) with context path ''
2020-12-25 22:26:33.396 [restartedMain] INFO  com.easydicm.storescp.StorescpApplication - Started StorescpApplication in 2.886 seconds (JVM running for 3.41)
2020-12-25 22:28:30.345 [SpringContextShutdownHook] INFO  o.s.scheduling.concurrent.ThreadPoolTaskExecutor - Shutting down ExecutorService 'applicationTaskExecutor'
2020-12-25 22:28:30.345 [SpringContextShutdownHook] INFO  com.easydicm.storescp.DicmSCP - DicmSCP    remove connections ....
2020-12-25 22:28:30.346 [SpringContextShutdownHook] INFO  com.easydicm.storescp.DicmSCP - DicmSCP    remove connections end !
2020-12-25 22:28:33.932 [restartedMain] INFO  com.easydicm.storescp.StorescpApplication - Starting StorescpApplication using Java 11.0.9 on dhzub with PID 7707 (/home/dhz/work/easydicm-parent/storescp/target/classes started by dhz in /home/dhz/work/easydicm-parent)
2020-12-25 22:28:33.934 [restartedMain] INFO  com.easydicm.storescp.StorescpApplication - The following profiles are active: dev
2020-12-25 22:28:33.966 [restartedMain] INFO  o.s.b.d.env.DevToolsPropertyDefaultsPostProcessor - Devtools property defaults active! Set 'spring.devtools.add-properties' to 'false' to disable
2020-12-25 22:28:33.967 [restartedMain] INFO  o.s.b.d.env.DevToolsPropertyDefaultsPostProcessor - For additional web related logging consider setting the 'logging.level.web' property to 'DEBUG'
2020-12-25 22:28:34.711 [restartedMain] INFO  o.s.boot.web.embedded.tomcat.TomcatWebServer - Tomcat initialized with port(s): 8080 (http)
2020-12-25 22:28:34.729 [restartedMain] INFO  org.apache.coyote.http11.Http11NioProtocol - Initializing ProtocolHandler ["http-nio-8080"]
2020-12-25 22:28:34.730 [restartedMain] INFO  org.apache.catalina.core.StandardService - Starting service [Tomcat]
2020-12-25 22:28:34.730 [restartedMain] INFO  org.apache.catalina.core.StandardEngine - Starting Servlet engine: [Apache Tomcat/9.0.39]
2020-12-25 22:28:34.782 [restartedMain] INFO  o.a.c.core.ContainerBase.[Tomcat].[localhost].[/] - Initializing Spring embedded WebApplicationContext
2020-12-25 22:28:34.782 [restartedMain] INFO  o.s.b.w.s.c.ServletWebServerApplicationContext - Root WebApplicationContext: initialization completed in 815 ms
2020-12-25 22:28:34.963 [restartedMain] INFO  com.easydicm.storescp.DicmSCP - DicmSCP    start ....
2020-12-25 22:28:35.077 [restartedMain] INFO  o.s.scheduling.concurrent.ThreadPoolTaskExecutor - Initializing ExecutorService 'applicationTaskExecutor'
2020-12-25 22:28:35.182 [restartedMain] INFO  o.s.b.d.autoconfigure.OptionalLiveReloadServer - LiveReload server is running on port 35729
2020-12-25 22:28:35.200 [restartedMain] INFO  org.apache.coyote.http11.Http11NioProtocol - Starting ProtocolHandler ["http-nio-8080"]
2020-12-25 22:28:35.210 [restartedMain] INFO  o.s.boot.web.embedded.tomcat.TomcatWebServer - Tomcat started on port(s): 8080 (http) with context path ''
2020-12-25 22:28:35.224 [restartedMain] INFO  com.easydicm.storescp.StorescpApplication - Started StorescpApplication in 1.69 seconds (JVM running for 2.235)
2020-12-25 22:33:26.507 [SpringContextShutdownHook] INFO  o.s.scheduling.concurrent.ThreadPoolTaskExecutor - Shutting down ExecutorService 'applicationTaskExecutor'
2020-12-25 22:33:26.508 [SpringContextShutdownHook] INFO  com.easydicm.storescp.DicmSCP - DicmSCP    remove connections ....
2020-12-25 22:33:26.509 [SpringContextShutdownHook] INFO  com.easydicm.storescp.DicmSCP - DicmSCP    remove connections end !
2020-12-25 22:33:28.937 [restartedMain] INFO  com.easydicm.storescp.StorescpApplication - Starting StorescpApplication using Java 11.0.9 on dhzub with PID 8544 (/home/dhz/work/easydicm-parent/storescp/target/classes started by dhz in /home/dhz/work/easydicm-parent)
2020-12-25 22:33:28.939 [restartedMain] INFO  com.easydicm.storescp.StorescpApplication - The following profiles are active: dev
2020-12-25 22:33:28.982 [restartedMain] INFO  o.s.b.d.env.DevToolsPropertyDefaultsPostProcessor - Devtools property defaults active! Set 'spring.devtools.add-properties' to 'false' to disable
2020-12-25 22:33:28.983 [restartedMain] INFO  o.s.b.d.env.DevToolsPropertyDefaultsPostProcessor - For additional web related logging consider setting the 'logging.level.web' property to 'DEBUG'
2020-12-25 22:33:29.888 [restartedMain] INFO  o.s.boot.web.embedded.tomcat.TomcatWebServer - Tomcat initialized with port(s): 8080 (http)
2020-12-25 22:33:29.894 [restartedMain] INFO  org.apache.coyote.http11.Http11NioProtocol - Initializing ProtocolHandler ["http-nio-8080"]
2020-12-25 22:33:29.895 [restartedMain] INFO  org.apache.catalina.core.StandardService - Starting service [Tomcat]
2020-12-25 22:33:29.895 [restartedMain] INFO  org.apache.catalina.core.StandardEngine - Starting Servlet engine: [Apache Tomcat/9.0.39]
2020-12-25 22:33:29.946 [restartedMain] INFO  o.a.c.core.ContainerBase.[Tomcat].[localhost].[/] - Initializing Spring embedded WebApplicationContext
2020-12-25 22:33:29.946 [restartedMain] INFO  o.s.b.w.s.c.ServletWebServerApplicationContext - Root WebApplicationContext: initialization completed in 962 ms
2020-12-25 22:33:30.158 [restartedMain] INFO  com.easydicm.storescp.DicmSCP - DicmSCP    start ....
2020-12-25 22:33:30.295 [restartedMain] INFO  o.s.scheduling.concurrent.ThreadPoolTaskExecutor - Initializing ExecutorService 'applicationTaskExecutor'
2020-12-25 22:33:30.432 [restartedMain] INFO  o.s.b.d.autoconfigure.OptionalLiveReloadServer - LiveReload server is running on port 35729
2020-12-25 22:33:30.447 [restartedMain] INFO  org.apache.coyote.http11.Http11NioProtocol - Starting ProtocolHandler ["http-nio-8080"]
2020-12-25 22:33:30.465 [restartedMain] INFO  o.s.boot.web.embedded.tomcat.TomcatWebServer - Tomcat started on port(s): 8080 (http) with context path ''
2020-12-25 22:33:30.476 [restartedMain] INFO  com.easydicm.storescp.StorescpApplication - Started StorescpApplication in 1.953 seconds (JVM running for 2.567)
2020-12-25 22:34:50.031 [SpringContextShutdownHook] INFO  o.s.scheduling.concurrent.ThreadPoolTaskExecutor - Shutting down ExecutorService 'applicationTaskExecutor'
2020-12-25 22:34:50.032 [SpringContextShutdownHook] INFO  com.easydicm.storescp.DicmSCP - DicmSCP    remove connections ....
2020-12-25 22:34:50.032 [SpringContextShutdownHook] INFO  com.easydicm.storescp.DicmSCP - DicmSCP    remove connections end !
2020-12-25 22:34:52.299 [restartedMain] INFO  com.easydicm.storescp.StorescpApplication - Starting StorescpApplication using Java 11.0.9 on dhzub with PID 8896 (/home/dhz/work/easydicm-parent/storescp/target/classes started by dhz in /home/dhz/work/easydicm-parent)
2020-12-25 22:34:52.301 [restartedMain] INFO  com.easydicm.storescp.StorescpApplication - The following profiles are active: dev
2020-12-25 22:34:52.333 [restartedMain] INFO  o.s.b.d.env.DevToolsPropertyDefaultsPostProcessor - Devtools property defaults active! Set 'spring.devtools.add-properties' to 'false' to disable
2020-12-25 22:34:52.334 [restartedMain] INFO  o.s.b.d.env.DevToolsPropertyDefaultsPostProcessor - For additional web related logging consider setting the 'logging.level.web' property to 'DEBUG'
2020-12-25 22:34:53.121 [restartedMain] INFO  o.s.boot.web.embedded.tomcat.TomcatWebServer - Tomcat initialized with port(s): 8080 (http)
2020-12-25 22:34:53.126 [restartedMain] INFO  org.apache.coyote.http11.Http11NioProtocol - Initializing ProtocolHandler ["http-nio-8080"]
2020-12-25 22:34:53.127 [restartedMain] INFO  org.apache.catalina.core.StandardService - Starting service [Tomcat]
2020-12-25 22:34:53.127 [restartedMain] INFO  org.apache.catalina.core.StandardEngine - Starting Servlet engine: [Apache Tomcat/9.0.39]
2020-12-25 22:34:53.175 [restartedMain] INFO  o.a.c.core.ContainerBase.[Tomcat].[localhost].[/] - Initializing Spring embedded WebApplicationContext
2020-12-25 22:34:53.175 [restartedMain] INFO  o.s.b.w.s.c.ServletWebServerApplicationContext - Root WebApplicationContext: initialization completed in 841 ms
2020-12-25 22:34:53.354 [restartedMain] INFO  com.easydicm.storescp.DicmSCP - DicmSCP    start ....
2020-12-25 22:34:53.470 [restartedMain] INFO  o.s.scheduling.concurrent.ThreadPoolTaskExecutor - Initializing ExecutorService 'applicationTaskExecutor'
2020-12-25 22:34:53.577 [restartedMain] INFO  o.s.b.d.autoconfigure.OptionalLiveReloadServer - LiveReload server is running on port 35729
2020-12-25 22:34:53.591 [restartedMain] INFO  org.apache.coyote.http11.Http11NioProtocol - Starting ProtocolHandler ["http-nio-8080"]
2020-12-25 22:34:53.601 [restartedMain] INFO  o.s.boot.web.embedded.tomcat.TomcatWebServer - Tomcat started on port(s): 8080 (http) with context path ''
2020-12-25 22:34:53.611 [restartedMain] INFO  com.easydicm.storescp.StorescpApplication - Started StorescpApplication in 1.7 seconds (JVM running for 2.256)
2020-12-25 22:35:17.229 [SpringContextShutdownHook] INFO  o.s.scheduling.concurrent.ThreadPoolTaskExecutor - Shutting down ExecutorService 'applicationTaskExecutor'
2020-12-25 22:35:17.230 [SpringContextShutdownHook] INFO  com.easydicm.storescp.DicmSCP - DicmSCP    remove connections ....
2020-12-25 22:35:17.231 [SpringContextShutdownHook] INFO  com.easydicm.storescp.DicmSCP - DicmSCP    remove connections end !
2020-12-25 22:35:20.728 [restartedMain] INFO  com.easydicm.storescp.StorescpApplication - Starting StorescpApplication using Java 11.0.9 on dhzub with PID 9025 (/home/dhz/work/easydicm-parent/storescp/target/classes started by dhz in /home/dhz/work/easydicm-parent)
2020-12-25 22:35:20.730 [restartedMain] INFO  com.easydicm.storescp.StorescpApplication - The following profiles are active: dev
2020-12-25 22:35:20.766 [restartedMain] INFO  o.s.b.d.env.DevToolsPropertyDefaultsPostProcessor - Devtools property defaults active! Set 'spring.devtools.add-properties' to 'false' to disable
2020-12-25 22:35:20.766 [restartedMain] INFO  o.s.b.d.env.DevToolsPropertyDefaultsPostProcessor - For additional web related logging consider setting the 'logging.level.web' property to 'DEBUG'
2020-12-25 22:35:21.565 [restartedMain] INFO  o.s.boot.web.embedded.tomcat.TomcatWebServer - Tomcat initialized with port(s): 8080 (http)
2020-12-25 22:35:21.571 [restartedMain] INFO  org.apache.coyote.http11.Http11NioProtocol - Initializing ProtocolHandler ["http-nio-8080"]
2020-12-25 22:35:21.571 [restartedMain] INFO  org.apache.catalina.core.StandardService - Starting service [Tomcat]
2020-12-25 22:35:21.571 [restartedMain] INFO  org.apache.catalina.core.StandardEngine - Starting Servlet engine: [Apache Tomcat/9.0.39]
2020-12-25 22:35:21.620 [restartedMain] INFO  o.a.c.core.ContainerBase.[Tomcat].[localhost].[/] - Initializing Spring embedded WebApplicationContext
2020-12-25 22:35:21.620 [restartedMain] INFO  o.s.b.w.s.c.ServletWebServerApplicationContext - Root WebApplicationContext: initialization completed in 853 ms
2020-12-25 22:35:21.803 [restartedMain] INFO  com.easydicm.storescp.DicmSCP - DicmSCP    start ....
2020-12-25 22:35:21.921 [restartedMain] INFO  o.s.scheduling.concurrent.ThreadPoolTaskExecutor - Initializing ExecutorService 'applicationTaskExecutor'
2020-12-25 22:35:22.026 [restartedMain] INFO  o.s.b.d.autoconfigure.OptionalLiveReloadServer - LiveReload server is running on port 35729
2020-12-25 22:35:22.039 [restartedMain] INFO  org.apache.coyote.http11.Http11NioProtocol - Starting ProtocolHandler ["http-nio-8080"]
2020-12-25 22:35:22.049 [restartedMain] INFO  o.s.boot.web.embedded.tomcat.TomcatWebServer - Tomcat started on port(s): 8080 (http) with context path ''
2020-12-25 22:35:22.060 [restartedMain] INFO  com.easydicm.storescp.StorescpApplication - Started StorescpApplication in 1.699 seconds (JVM running for 2.259)
2020-12-25 22:35:30.890 [SpringContextShutdownHook] INFO  o.s.scheduling.concurrent.ThreadPoolTaskExecutor - Shutting down ExecutorService 'applicationTaskExecutor'
2020-12-25 22:35:30.891 [SpringContextShutdownHook] INFO  com.easydicm.storescp.DicmSCP - DicmSCP    remove connections ....
2020-12-25 22:35:30.891 [SpringContextShutdownHook] INFO  com.easydicm.storescp.DicmSCP - DicmSCP    remove connections end !
2020-12-25 22:35:34.495 [restartedMain] INFO  com.easydicm.storescp.StorescpApplication - Starting StorescpApplication using Java 11.0.9 on dhzub with PID 9149 (/home/dhz/work/easydicm-parent/storescp/target/classes started by dhz in /home/dhz/work/easydicm-parent)
2020-12-25 22:35:34.497 [restartedMain] INFO  com.easydicm.storescp.StorescpApplication - The following profiles are active: dev
2020-12-25 22:35:34.529 [restartedMain] INFO  o.s.b.d.env.DevToolsPropertyDefaultsPostProcessor - Devtools property defaults active! Set 'spring.devtools.add-properties' to 'false' to disable
2020-12-25 22:35:34.530 [restartedMain] INFO  o.s.b.d.env.DevToolsPropertyDefaultsPostProcessor - For additional web related logging consider setting the 'logging.level.web' property to 'DEBUG'
2020-12-25 22:35:35.309 [restartedMain] INFO  o.s.boot.web.embedded.tomcat.TomcatWebServer - Tomcat initialized with port(s): 8080 (http)
2020-12-25 22:35:35.314 [restartedMain] INFO  org.apache.coyote.http11.Http11NioProtocol - Initializing ProtocolHandler ["http-nio-8080"]
2020-12-25 22:35:35.314 [restartedMain] INFO  org.apache.catalina.core.StandardService - Starting service [Tomcat]
2020-12-25 22:35:35.314 [restartedMain] INFO  org.apache.catalina.core.StandardEngine - Starting Servlet engine: [Apache Tomcat/9.0.39]
2020-12-25 22:35:35.362 [restartedMain] INFO  o.a.c.core.ContainerBase.[Tomcat].[localhost].[/] - Initializing Spring embedded WebApplicationContext
2020-12-25 22:35:35.362 [restartedMain] INFO  o.s.b.w.s.c.ServletWebServerApplicationContext - Root WebApplicationContext: initialization completed in 831 ms
2020-12-25 22:35:35.524 [restartedMain] INFO  com.easydicm.storescp.DicmSCP - DicmSCP    start ....
2020-12-25 22:35:35.636 [restartedMain] INFO  o.s.scheduling.concurrent.ThreadPoolTaskExecutor - Initializing ExecutorService 'applicationTaskExecutor'
2020-12-25 22:35:35.737 [restartedMain] INFO  o.s.b.d.autoconfigure.OptionalLiveReloadServer - LiveReload server is running on port 35729
2020-12-25 22:35:35.749 [restartedMain] INFO  org.apache.coyote.http11.Http11NioProtocol - Starting ProtocolHandler ["http-nio-8080"]
2020-12-25 22:35:35.758 [restartedMain] INFO  o.s.boot.web.embedded.tomcat.TomcatWebServer - Tomcat started on port(s): 8080 (http) with context path ''
2020-12-25 22:35:35.768 [restartedMain] INFO  com.easydicm.storescp.StorescpApplication - Started StorescpApplication in 1.632 seconds (JVM running for 2.164)
2020-12-25 22:36:44.466 [SpringContextShutdownHook] INFO  o.s.scheduling.concurrent.ThreadPoolTaskExecutor - Shutting down ExecutorService 'applicationTaskExecutor'
2020-12-25 22:36:44.466 [SpringContextShutdownHook] INFO  com.easydicm.storescp.DicmSCP - DicmSCP    remove connections ....
2020-12-25 22:36:44.466 [SpringContextShutdownHook] INFO  com.easydicm.storescp.DicmSCP - DicmSCP    remove connections end !
2020-12-25 22:36:48.091 [restartedMain] INFO  com.easydicm.storescp.StorescpApplication - Starting StorescpApplication using Java 11.0.9 on dhzub with PID 9308 (/home/dhz/work/easydicm-parent/storescp/target/classes started by dhz in /home/dhz/work/easydicm-parent)
2020-12-25 22:36:48.092 [restartedMain] INFO  com.easydicm.storescp.StorescpApplication - The following profiles are active: dev
2020-12-25 22:36:48.130 [restartedMain] INFO  o.s.b.d.env.DevToolsPropertyDefaultsPostProcessor - Devtools property defaults active! Set 'spring.devtools.add-properties' to 'false' to disable
2020-12-25 22:36:48.131 [restartedMain] INFO  o.s.b.d.env.DevToolsPropertyDefaultsPostProcessor - For additional web related logging consider setting the 'logging.level.web' property to 'DEBUG'
2020-12-25 22:36:48.897 [restartedMain] INFO  o.s.boot.web.embedded.tomcat.TomcatWebServer - Tomcat initialized with port(s): 8080 (http)
2020-12-25 22:36:48.902 [restartedMain] INFO  org.apache.coyote.http11.Http11NioProtocol - Initializing ProtocolHandler ["http-nio-8080"]
2020-12-25 22:36:48.902 [restartedMain] INFO  org.apache.catalina.core.StandardService - Starting service [Tomcat]
2020-12-25 22:36:48.903 [restartedMain] INFO  org.apache.catalina.core.StandardEngine - Starting Servlet engine: [Apache Tomcat/9.0.39]
2020-12-25 22:36:48.952 [restartedMain] INFO  o.a.c.core.ContainerBase.[Tomcat].[localhost].[/] - Initializing Spring embedded WebApplicationContext
2020-12-25 22:36:48.952 [restartedMain] INFO  o.s.b.w.s.c.ServletWebServerApplicationContext - Root WebApplicationContext: initialization completed in 820 ms
2020-12-25 22:36:49.127 [restartedMain] INFO  com.easydicm.storescp.DicmSCP - DicmSCP    start ....
2020-12-25 22:36:49.141 [restartedMain] INFO  com.zaxxer.hikari.HikariDataSource - HikariPool-1 - Starting...
2020-12-25 22:36:49.344 [restartedMain] INFO  com.zaxxer.hikari.HikariDataSource - HikariPool-1 - Start completed.
2020-12-25 22:36:49.360 [restartedMain] INFO  com.easydicm.storescp.DicmSCP - org.springframework.boot.DefaultApplicationArguments@7eaac593
2020-12-25 22:36:49.363 [restartedMain] INFO  com.easydicm.storescp.DicmSCP - DicmSCP Setting is  {DicmQRSCP,192.168.1.92,11112}
2020-12-25 22:36:49.371 [restartedMain] INFO  com.easydicm.storescp.DicmSCP - DicmSCP    start success !
2020-12-25 22:36:49.371 [pool-2-thread-1] INFO  org.dcm4che3.net.Connection - Start TCP Listener on /192.168.1.92:11112
2020-12-25 22:36:49.474 [restartedMain] INFO  o.s.scheduling.concurrent.ThreadPoolTaskExecutor - Initializing ExecutorService 'applicationTaskExecutor'
2020-12-25 22:36:49.577 [restartedMain] INFO  o.s.b.d.autoconfigure.OptionalLiveReloadServer - LiveReload server is running on port 35729
2020-12-25 22:36:49.589 [restartedMain] INFO  org.apache.coyote.http11.Http11NioProtocol - Starting ProtocolHandler ["http-nio-8080"]
2020-12-25 22:36:49.597 [restartedMain] INFO  o.s.boot.web.embedded.tomcat.TomcatWebServer - Tomcat started on port(s): 8080 (http) with context path ''
2020-12-25 22:36:49.608 [restartedMain] INFO  com.easydicm.storescp.StorescpApplication - Started StorescpApplication in 1.887 seconds (JVM running for 2.474)
2020-12-25 22:37:45.427 [SpringContextShutdownHook] INFO  o.s.scheduling.concurrent.ThreadPoolTaskExecutor - Shutting down ExecutorService 'applicationTaskExecutor'
2020-12-25 22:37:45.427 [SpringContextShutdownHook] INFO  com.easydicm.storescp.DicmSCP - DicmSCP    remove connections ....
2020-12-25 22:37:45.428 [SpringContextShutdownHook] INFO  com.zaxxer.hikari.HikariDataSource - HikariPool-1 - Shutdown initiated...
2020-12-25 22:37:45.433 [SpringContextShutdownHook] INFO  com.zaxxer.hikari.HikariDataSource - HikariPool-1 - Shutdown completed.
2020-12-25 22:37:49.010 [restartedMain] INFO  com.easydicm.storescp.StorescpApplication - Starting StorescpApplication using Java 11.0.9 on dhzub with PID 9471 (/home/dhz/work/easydicm-parent/storescp/target/classes started by dhz in /home/dhz/work/easydicm-parent)
2020-12-25 22:37:49.012 [restartedMain] INFO  com.easydicm.storescp.StorescpApplication - The following profiles are active: dev
2020-12-25 22:37:49.057 [restartedMain] INFO  o.s.b.d.env.DevToolsPropertyDefaultsPostProcessor - Devtools property defaults active! Set 'spring.devtools.add-properties' to 'false' to disable
2020-12-25 22:37:49.057 [restartedMain] INFO  o.s.b.d.env.DevToolsPropertyDefaultsPostProcessor - For additional web related logging consider setting the 'logging.level.web' property to 'DEBUG'
2020-12-25 22:37:49.846 [restartedMain] INFO  o.s.boot.web.embedded.tomcat.TomcatWebServer - Tomcat initialized with port(s): 8080 (http)
2020-12-25 22:37:49.851 [restartedMain] INFO  org.apache.coyote.http11.Http11NioProtocol - Initializing ProtocolHandler ["http-nio-8080"]
2020-12-25 22:37:49.852 [restartedMain] INFO  org.apache.catalina.core.StandardService - Starting service [Tomcat]
2020-12-25 22:37:49.852 [restartedMain] INFO  org.apache.catalina.core.StandardEngine - Starting Servlet engine: [Apache Tomcat/9.0.39]
2020-12-25 22:37:49.904 [restartedMain] INFO  o.a.c.core.ContainerBase.[Tomcat].[localhost].[/] - Initializing Spring embedded WebApplicationContext
2020-12-25 22:37:49.905 [restartedMain] INFO  o.s.b.w.s.c.ServletWebServerApplicationContext - Root WebApplicationContext: initialization completed in 847 ms
2020-12-25 22:37:50.089 [restartedMain] INFO  com.easydicm.storescp.DicmSCP - DicmSCP    start ....
2020-12-25 22:37:50.102 [restartedMain] INFO  com.zaxxer.hikari.HikariDataSource - HikariPool-1 - Starting...
2020-12-25 22:37:50.325 [restartedMain] INFO  com.zaxxer.hikari.HikariDataSource - HikariPool-1 - Start completed.
2020-12-25 22:37:50.339 [restartedMain] INFO  com.easydicm.storescp.DicmSCP - org.springframework.boot.DefaultApplicationArguments@4d76b70c
2020-12-25 22:37:50.343 [restartedMain] INFO  com.easydicm.storescp.DicmSCP - DicmSCP Setting is  {DicmQRSCP,192.168.1.92,11112}
2020-12-25 22:37:50.351 [restartedMain] INFO  com.easydicm.storescp.DicmSCP - DicmSCP    start success !
2020-12-25 22:37:50.351 [pool-2-thread-1] INFO  org.dcm4che3.net.Connection - Start TCP Listener on /192.168.1.92:11112
2020-12-25 22:37:50.449 [restartedMain] INFO  o.s.scheduling.concurrent.ThreadPoolTaskExecutor - Initializing ExecutorService 'applicationTaskExecutor'
2020-12-25 22:37:50.554 [restartedMain] INFO  o.s.b.d.autoconfigure.OptionalLiveReloadServer - LiveReload server is running on port 35729
2020-12-25 22:37:50.569 [restartedMain] INFO  org.apache.coyote.http11.Http11NioProtocol - Starting ProtocolHandler ["http-nio-8080"]
2020-12-25 22:37:50.590 [restartedMain] INFO  o.s.boot.web.embedded.tomcat.TomcatWebServer - Tomcat started on port(s): 8080 (http) with context path ''
2020-12-25 22:37:50.599 [restartedMain] INFO  com.easydicm.storescp.StorescpApplication - Started StorescpApplication in 1.961 seconds (JVM running for 2.516)
2020-12-25 22:41:42.414 [SpringContextShutdownHook] INFO  o.s.scheduling.concurrent.ThreadPoolTaskExecutor - Shutting down ExecutorService 'applicationTaskExecutor'
2020-12-25 22:41:42.415 [SpringContextShutdownHook] INFO  com.easydicm.storescp.DicmSCP - DicmSCP    remove connections ....
2020-12-25 22:41:42.416 [SpringContextShutdownHook] INFO  com.zaxxer.hikari.HikariDataSource - HikariPool-1 - Shutdown initiated...
2020-12-25 22:41:42.420 [SpringContextShutdownHook] INFO  com.zaxxer.hikari.HikariDataSource - HikariPool-1 - Shutdown completed.
2020-12-25 22:53:05.660 [restartedMain] INFO  com.easydicm.storescp.StorescpApplication - Starting StorescpApplication using Java 11.0.9 on dhzub with PID 10856 (/home/dhz/work/easydicm-parent/storescp/target/classes started by dhz in /home/dhz/work/easydicm-parent)
2020-12-25 22:53:05.662 [restartedMain] INFO  com.easydicm.storescp.StorescpApplication - The following profiles are active: dev
2020-12-25 22:53:05.693 [restartedMain] INFO  o.s.b.d.env.DevToolsPropertyDefaultsPostProcessor - Devtools property defaults active! Set 'spring.devtools.add-properties' to 'false' to disable
2020-12-25 22:53:05.693 [restartedMain] INFO  o.s.b.d.env.DevToolsPropertyDefaultsPostProcessor - For additional web related logging consider setting the 'logging.level.web' property to 'DEBUG'
2020-12-25 22:53:06.463 [restartedMain] INFO  o.s.boot.web.embedded.tomcat.TomcatWebServer - Tomcat initialized with port(s): 8080 (http)
2020-12-25 22:53:06.468 [restartedMain] INFO  org.apache.coyote.http11.Http11NioProtocol - Initializing ProtocolHandler ["http-nio-8080"]
2020-12-25 22:53:06.469 [restartedMain] INFO  org.apache.catalina.core.StandardService - Starting service [Tomcat]
2020-12-25 22:53:06.469 [restartedMain] INFO  org.apache.catalina.core.StandardEngine - Starting Servlet engine: [Apache Tomcat/9.0.39]
2020-12-25 22:53:06.517 [restartedMain] INFO  o.a.c.core.ContainerBase.[Tomcat].[localhost].[/] - Initializing Spring embedded WebApplicationContext
2020-12-25 22:53:06.518 [restartedMain] INFO  o.s.b.w.s.c.ServletWebServerApplicationContext - Root WebApplicationContext: initialization completed in 824 ms
2020-12-25 22:53:06.697 [restartedMain] INFO  com.easydicm.storescp.DicmSCP - DicmSCP    start ....
2020-12-25 22:53:06.711 [restartedMain] INFO  com.zaxxer.hikari.HikariDataSource - HikariPool-1 - Starting...
2020-12-25 22:53:06.922 [restartedMain] INFO  com.zaxxer.hikari.HikariDataSource - HikariPool-1 - Start completed.
2020-12-25 22:53:06.936 [restartedMain] INFO  com.easydicm.storescp.DicmSCP - org.springframework.boot.DefaultApplicationArguments@66dc1fee
2020-12-25 22:53:06.940 [restartedMain] INFO  com.easydicm.storescp.DicmSCP - DicmSCP Setting is  {DicmQRSCP,192.168.1.92,11112}
2020-12-25 22:53:06.948 [restartedMain] INFO  com.easydicm.storescp.DicmSCP - DicmSCP    start success !
2020-12-25 22:53:06.949 [pool-2-thread-1] INFO  org.dcm4che3.net.Connection - Start TCP Listener on /192.168.1.92:11112
2020-12-25 22:53:07.052 [restartedMain] INFO  o.s.scheduling.concurrent.ThreadPoolTaskExecutor - Initializing ExecutorService 'applicationTaskExecutor'
2020-12-25 22:53:07.159 [restartedMain] INFO  o.s.b.d.autoconfigure.OptionalLiveReloadServer - LiveReload server is running on port 35729
2020-12-25 22:53:07.170 [restartedMain] INFO  org.apache.coyote.http11.Http11NioProtocol - Starting ProtocolHandler ["http-nio-8080"]
2020-12-25 22:53:07.179 [restartedMain] INFO  o.s.boot.web.embedded.tomcat.TomcatWebServer - Tomcat started on port(s): 8080 (http) with context path ''
2020-12-25 22:53:07.188 [restartedMain] INFO  com.easydicm.storescp.StorescpApplication - Started StorescpApplication in 1.995 seconds (JVM running for 2.663)
2020-12-25 22:57:22.151 [SpringContextShutdownHook] INFO  o.s.scheduling.concurrent.ThreadPoolTaskExecutor - Shutting down ExecutorService 'applicationTaskExecutor'
2020-12-25 22:57:22.152 [SpringContextShutdownHook] INFO  com.easydicm.storescp.DicmSCP - DicmSCP    remove connections ....
2020-12-25 22:57:22.153 [SpringContextShutdownHook] INFO  com.zaxxer.hikari.HikariDataSource - HikariPool-1 - Shutdown initiated...
2020-12-25 22:57:22.157 [SpringContextShutdownHook] INFO  com.zaxxer.hikari.HikariDataSource - HikariPool-1 - Shutdown completed.
2020-12-25 22:57:26.192 [restartedMain] INFO  com.easydicm.storescp.StorescpApplication - Starting StorescpApplication using Java 11.0.9 on dhzub with PID 11090 (/home/dhz/work/easydicm-parent/storescp/target/classes started by dhz in /home/dhz/work/easydicm-parent)
2020-12-25 22:57:26.194 [restartedMain] INFO  com.easydicm.storescp.StorescpApplication - The following profiles are active: dev
2020-12-25 22:57:26.235 [restartedMain] INFO  o.s.b.d.env.DevToolsPropertyDefaultsPostProcessor - Devtools property defaults active! Set 'spring.devtools.add-properties' to 'false' to disable
2020-12-25 22:57:26.235 [restartedMain] INFO  o.s.b.d.env.DevToolsPropertyDefaultsPostProcessor - For additional web related logging consider setting the 'logging.level.web' property to 'DEBUG'
2020-12-25 22:57:27.022 [restartedMain] INFO  o.s.boot.web.embedded.tomcat.TomcatWebServer - Tomcat initialized with port(s): 8080 (http)
2020-12-25 22:57:27.028 [restartedMain] INFO  org.apache.coyote.http11.Http11NioProtocol - Initializing ProtocolHandler ["http-nio-8080"]
2020-12-25 22:57:27.028 [restartedMain] INFO  org.apache.catalina.core.StandardService - Starting service [Tomcat]
2020-12-25 22:57:27.028 [restartedMain] INFO  org.apache.catalina.core.StandardEngine - Starting Servlet engine: [Apache Tomcat/9.0.39]
2020-12-25 22:57:27.078 [restartedMain] INFO  o.a.c.core.ContainerBase.[Tomcat].[localhost].[/] - Initializing Spring embedded WebApplicationContext
2020-12-25 22:57:27.078 [restartedMain] INFO  o.s.b.w.s.c.ServletWebServerApplicationContext - Root WebApplicationContext: initialization completed in 842 ms
2020-12-25 22:57:27.108 [restartedMain] INFO  com.easydicm.storescp.DicmSCP - DicmSCP    start ....
2020-12-25 22:57:27.111 [restartedMain] INFO  com.easydicm.storescp.DicmSCP - org.springframework.boot.DefaultApplicationArguments@26115988
2020-12-25 22:57:27.115 [restartedMain] INFO  com.easydicm.storescp.DicmSCP - DicmSCP Setting is  {DicmQRSCP,192.168.1.92,11112}
2020-12-25 22:57:27.123 [restartedMain] INFO  com.easydicm.storescp.DicmSCP - DicmSCP    start success !
2020-12-25 22:57:27.123 [pool-2-thread-1] INFO  org.dcm4che3.net.Connection - Start TCP Listener on /192.168.1.92:11112
2020-12-25 22:57:27.273 [restartedMain] INFO  o.s.scheduling.concurrent.ThreadPoolTaskExecutor - Initializing ExecutorService 'applicationTaskExecutor'
2020-12-25 22:57:27.431 [restartedMain] INFO  o.s.b.d.autoconfigure.OptionalLiveReloadServer - LiveReload server is running on port 35729
2020-12-25 22:57:27.467 [restartedMain] INFO  org.apache.coyote.http11.Http11NioProtocol - Starting ProtocolHandler ["http-nio-8080"]
2020-12-25 22:57:27.476 [restartedMain] INFO  o.s.boot.web.embedded.tomcat.TomcatWebServer - Tomcat started on port(s): 8080 (http) with context path ''
2020-12-25 22:57:27.487 [restartedMain] INFO  com.easydicm.storescp.StorescpApplication - Started StorescpApplication in 1.673 seconds (JVM running for 2.357)
2020-12-25 22:58:25.284 [SpringContextShutdownHook] INFO  o.s.scheduling.concurrent.ThreadPoolTaskExecutor - Shutting down ExecutorService 'applicationTaskExecutor'
2020-12-25 22:58:25.285 [SpringContextShutdownHook] INFO  com.easydicm.storescp.DicmSCP - DicmSCP    remove connections ....
